{"C:\\Users\\hyper\\Desktop\\SAFAT_APP_fixed\\backend\\pages\\api\\admin\\butcher-applications\\[id].ts": {"path":"C:\\Users\\hyper\\Desktop\\SAFAT_APP_fixed\\backend\\pages\\api\\admin\\butcher-applications\\[id].ts","statementMap":{"0":{"start":{"line":9,"column":0},"end":{"line":9,"column":15}},"1":{"start":{"line":3,"column":0},"end":{"line":3,"column":84}},"2":{"start":{"line":4,"column":0},"end":{"line":4,"column":56}},"3":{"start":{"line":5,"column":0},"end":{"line":5,"column":95}},"4":{"start":{"line":6,"column":0},"end":{"line":6,"column":89}},"5":{"start":{"line":7,"column":0},"end":{"line":7,"column":80}},"6":{"start":{"line":10,"column":2},"end":{"line":10,"column":46}},"7":{"start":{"line":10,"column":39},"end":{"line":10,"column":46}},"8":{"start":{"line":11,"column":2},"end":{"line":11,"column":57}},"9":{"start":{"line":11,"column":28},"end":{"line":11,"column":57}},"10":{"start":{"line":13,"column":2},"end":{"line":13,"column":45}},"11":{"start":{"line":17,"column":24},"end":{"line":17,"column":53}},"12":{"start":{"line":18,"column":2},"end":{"line":20,"column":3}},"13":{"start":{"line":19,"column":4},"end":{"line":19,"column":62}},"14":{"start":{"line":22,"column":2},"end":{"line":27,"column":3}},"15":{"start":{"line":23,"column":24},"end":{"line":23,"column":90}},"16":{"start":{"line":24,"column":4},"end":{"line":24,"column":41}},"17":{"start":{"line":26,"column":4},"end":{"line":26,"column":44}}},"fnMap":{"0":{"name":"handler","decl":{"start":{"line":9,"column":30},"end":{"line":9,"column":37}},"loc":{"start":{"line":9,"column":79},"end":{"line":14,"column":1}}},"1":{"name":"getApplication","decl":{"start":{"line":16,"column":15},"end":{"line":16,"column":29}},"loc":{"start":{"line":16,"column":70},"end":{"line":28,"column":1}}}},"branchMap":{"0":{"loc":{"start":{"line":10,"column":2},"end":{"line":10,"column":46}},"type":"if","locations":[{"start":{"line":10,"column":2},"end":{"line":10,"column":46}}]},"1":{"loc":{"start":{"line":11,"column":2},"end":{"line":11,"column":57}},"type":"if","locations":[{"start":{"line":11,"column":2},"end":{"line":11,"column":57}}]},"2":{"loc":{"start":{"line":18,"column":2},"end":{"line":20,"column":3}},"type":"if","locations":[{"start":{"line":18,"column":2},"end":{"line":20,"column":3}}]}},"s":{"0":1,"1":1,"2":1,"3":1,"4":1,"5":1,"6":1,"7":0,"8":1,"9":0,"10":1,"11":1,"12":1,"13":0,"14":1,"15":1,"16":1,"17":0},"f":{"0":1,"1":1},"b":{"0":[0],"1":[0],"2":[0]}}
,"C:\\Users\\hyper\\Desktop\\SAFAT_APP_fixed\\backend\\pages\\api\\admin\\butcher-applications\\index.ts": {"path":"C:\\Users\\hyper\\Desktop\\SAFAT_APP_fixed\\backend\\pages\\api\\admin\\butcher-applications\\index.ts","statementMap":{"0":{"start":{"line":12,"column":0},"end":{"line":12,"column":15}},"1":{"start":{"line":3,"column":0},"end":{"line":3,"column":84}},"2":{"start":{"line":4,"column":0},"end":{"line":4,"column":56}},"3":{"start":{"line":5,"column":0},"end":{"line":5,"column":95}},"4":{"start":{"line":6,"column":0},"end":{"line":6,"column":null}},"5":{"start":{"line":9,"column":0},"end":{"line":9,"column":89}},"6":{"start":{"line":10,"column":0},"end":{"line":10,"column":77}},"7":{"start":{"line":13,"column":2},"end":{"line":13,"column":46}},"8":{"start":{"line":13,"column":39},"end":{"line":13,"column":46}},"9":{"start":{"line":14,"column":2},"end":{"line":14,"column":57}},"10":{"start":{"line":14,"column":28},"end":{"line":14,"column":57}},"11":{"start":{"line":16,"column":2},"end":{"line":16,"column":47}},"12":{"start":{"line":20,"column":17},"end":{"line":20,"column":58}},"13":{"start":{"line":21,"column":2},"end":{"line":23,"column":3}},"14":{"start":{"line":22,"column":4},"end":{"line":22,"column":94}},"15":{"start":{"line":25,"column":2},"end":{"line":39,"column":3}},"16":{"start":{"line":26,"column":26},"end":{"line":29,"column":6}},"17":{"start":{"line":31,"column":4},"end":{"line":36,"column":7}},"18":{"start":{"line":38,"column":4},"end":{"line":38,"column":44}}},"fnMap":{"0":{"name":"handler","decl":{"start":{"line":12,"column":30},"end":{"line":12,"column":37}},"loc":{"start":{"line":12,"column":79},"end":{"line":17,"column":1}}},"1":{"name":"listApplications","decl":{"start":{"line":19,"column":15},"end":{"line":19,"column":31}},"loc":{"start":{"line":19,"column":72},"end":{"line":40,"column":1}}}},"branchMap":{"0":{"loc":{"start":{"line":13,"column":2},"end":{"line":13,"column":46}},"type":"if","locations":[{"start":{"line":13,"column":2},"end":{"line":13,"column":46}}]},"1":{"loc":{"start":{"line":14,"column":2},"end":{"line":14,"column":57}},"type":"if","locations":[{"start":{"line":14,"column":2},"end":{"line":14,"column":57}}]},"2":{"loc":{"start":{"line":21,"column":2},"end":{"line":23,"column":3}},"type":"if","locations":[{"start":{"line":21,"column":2},"end":{"line":23,"column":3}}]}},"s":{"0":1,"1":1,"2":1,"3":1,"4":1,"5":1,"6":1,"7":1,"8":0,"9":1,"10":0,"11":1,"12":1,"13":1,"14":0,"15":1,"16":1,"17":1,"18":0},"f":{"0":1,"1":1},"b":{"0":[0],"1":[0],"2":[0]}}
,"C:\\Users\\hyper\\Desktop\\SAFAT_APP_fixed\\backend\\pages\\api\\admin\\butcher-applications\\[id]\\approve.ts": {"path":"C:\\Users\\hyper\\Desktop\\SAFAT_APP_fixed\\backend\\pages\\api\\admin\\butcher-applications\\[id]\\approve.ts","statementMap":{"0":{"start":{"line":12,"column":0},"end":{"line":12,"column":15}},"1":{"start":{"line":3,"column":0},"end":{"line":3,"column":84}},"2":{"start":{"line":4,"column":0},"end":{"line":4,"column":56}},"3":{"start":{"line":5,"column":0},"end":{"line":5,"column":95}},"4":{"start":{"line":6,"column":0},"end":{"line":6,"column":89}},"5":{"start":{"line":7,"column":0},"end":{"line":7,"column":80}},"6":{"start":{"line":8,"column":0},"end":{"line":8,"column":74}},"7":{"start":{"line":10,"column":13},"end":{"line":10,"column":68}},"8":{"start":{"line":13,"column":2},"end":{"line":13,"column":46}},"9":{"start":{"line":13,"column":39},"end":{"line":13,"column":46}},"10":{"start":{"line":14,"column":2},"end":{"line":14,"column":58}},"11":{"start":{"line":14,"column":29},"end":{"line":14,"column":58}},"12":{"start":{"line":16,"column":2},"end":{"line":16,"column":49}},"13":{"start":{"line":20,"column":24},"end":{"line":20,"column":53}},"14":{"start":{"line":21,"column":2},"end":{"line":23,"column":3}},"15":{"start":{"line":22,"column":4},"end":{"line":22,"column":62}},"16":{"start":{"line":25,"column":17},"end":{"line":25,"column":60}},"17":{"start":{"line":26,"column":2},"end":{"line":28,"column":3}},"18":{"start":{"line":27,"column":4},"end":{"line":27,"column":94}},"19":{"start":{"line":30,"column":2},"end":{"line":39,"column":3}},"20":{"start":{"line":31,"column":19},"end":{"line":34,"column":null}},"21":{"start":{"line":36,"column":4},"end":{"line":36,"column":36}},"22":{"start":{"line":38,"column":4},"end":{"line":38,"column":44}}},"fnMap":{"0":{"name":"handler","decl":{"start":{"line":12,"column":30},"end":{"line":12,"column":37}},"loc":{"start":{"line":12,"column":79},"end":{"line":17,"column":1}}},"1":{"name":"approveApplication","decl":{"start":{"line":19,"column":15},"end":{"line":19,"column":33}},"loc":{"start":{"line":19,"column":74},"end":{"line":40,"column":1}}}},"branchMap":{"0":{"loc":{"start":{"line":13,"column":2},"end":{"line":13,"column":46}},"type":"if","locations":[{"start":{"line":13,"column":2},"end":{"line":13,"column":46}}]},"1":{"loc":{"start":{"line":14,"column":2},"end":{"line":14,"column":58}},"type":"if","locations":[{"start":{"line":14,"column":2},"end":{"line":14,"column":58}}]},"2":{"loc":{"start":{"line":21,"column":2},"end":{"line":23,"column":3}},"type":"if","locations":[{"start":{"line":21,"column":2},"end":{"line":23,"column":3}}]},"3":{"loc":{"start":{"line":25,"column":45},"end":{"line":25,"column":59}},"type":"binary-expr","locations":[{"start":{"line":25,"column":45},"end":{"line":25,"column":53}},{"start":{"line":25,"column":57},"end":{"line":25,"column":59}}]},"4":{"loc":{"start":{"line":26,"column":2},"end":{"line":28,"column":3}},"type":"if","locations":[{"start":{"line":26,"column":2},"end":{"line":28,"column":3}}]}},"s":{"0":1,"1":1,"2":1,"3":1,"4":1,"5":1,"6":1,"7":1,"8":1,"9":0,"10":1,"11":0,"12":1,"13":1,"14":1,"15":0,"16":1,"17":1,"18":0,"19":1,"20":1,"21":1,"22":0},"f":{"0":1,"1":1},"b":{"0":[0],"1":[0],"2":[0],"3":[1,0],"4":[0]}}
,"C:\\Users\\hyper\\Desktop\\SAFAT_APP_fixed\\backend\\pages\\api\\admin\\butcher-applications\\[id]\\comment.ts": {"path":"C:\\Users\\hyper\\Desktop\\SAFAT_APP_fixed\\backend\\pages\\api\\admin\\butcher-applications\\[id]\\comment.ts","statementMap":{"0":{"start":{"line":12,"column":0},"end":{"line":12,"column":15}},"1":{"start":{"line":3,"column":0},"end":{"line":3,"column":84}},"2":{"start":{"line":4,"column":0},"end":{"line":4,"column":56}},"3":{"start":{"line":5,"column":0},"end":{"line":5,"column":95}},"4":{"start":{"line":6,"column":0},"end":{"line":6,"column":89}},"5":{"start":{"line":7,"column":0},"end":{"line":7,"column":80}},"6":{"start":{"line":8,"column":0},"end":{"line":8,"column":74}},"7":{"start":{"line":10,"column":13},"end":{"line":10,"column":68}},"8":{"start":{"line":13,"column":2},"end":{"line":13,"column":46}},"9":{"start":{"line":13,"column":39},"end":{"line":13,"column":46}},"10":{"start":{"line":14,"column":2},"end":{"line":14,"column":58}},"11":{"start":{"line":14,"column":29},"end":{"line":14,"column":58}},"12":{"start":{"line":16,"column":2},"end":{"line":16,"column":41}},"13":{"start":{"line":20,"column":24},"end":{"line":20,"column":53}},"14":{"start":{"line":21,"column":2},"end":{"line":23,"column":3}},"15":{"start":{"line":22,"column":4},"end":{"line":22,"column":62}},"16":{"start":{"line":25,"column":17},"end":{"line":25,"column":60}},"17":{"start":{"line":26,"column":2},"end":{"line":28,"column":3}},"18":{"start":{"line":27,"column":4},"end":{"line":27,"column":94}},"19":{"start":{"line":30,"column":2},"end":{"line":39,"column":3}},"20":{"start":{"line":31,"column":26},"end":{"line":34,"column":null}},"21":{"start":{"line":36,"column":4},"end":{"line":36,"column":52}},"22":{"start":{"line":38,"column":4},"end":{"line":38,"column":44}}},"fnMap":{"0":{"name":"handler","decl":{"start":{"line":12,"column":30},"end":{"line":12,"column":37}},"loc":{"start":{"line":12,"column":79},"end":{"line":17,"column":1}}},"1":{"name":"addComment","decl":{"start":{"line":19,"column":15},"end":{"line":19,"column":25}},"loc":{"start":{"line":19,"column":66},"end":{"line":40,"column":1}}}},"branchMap":{"0":{"loc":{"start":{"line":13,"column":2},"end":{"line":13,"column":46}},"type":"if","locations":[{"start":{"line":13,"column":2},"end":{"line":13,"column":46}}]},"1":{"loc":{"start":{"line":14,"column":2},"end":{"line":14,"column":58}},"type":"if","locations":[{"start":{"line":14,"column":2},"end":{"line":14,"column":58}}]},"2":{"loc":{"start":{"line":21,"column":2},"end":{"line":23,"column":3}},"type":"if","locations":[{"start":{"line":21,"column":2},"end":{"line":23,"column":3}}]},"3":{"loc":{"start":{"line":25,"column":45},"end":{"line":25,"column":59}},"type":"binary-expr","locations":[{"start":{"line":25,"column":45},"end":{"line":25,"column":53}},{"start":{"line":25,"column":57},"end":{"line":25,"column":59}}]},"4":{"loc":{"start":{"line":26,"column":2},"end":{"line":28,"column":3}},"type":"if","locations":[{"start":{"line":26,"column":2},"end":{"line":28,"column":3}}]}},"s":{"0":1,"1":1,"2":1,"3":1,"4":1,"5":1,"6":1,"7":1,"8":1,"9":0,"10":1,"11":0,"12":1,"13":1,"14":1,"15":0,"16":1,"17":1,"18":0,"19":1,"20":1,"21":1,"22":0},"f":{"0":1,"1":1},"b":{"0":[0],"1":[0],"2":[0],"3":[1,0],"4":[0]}}
,"C:\\Users\\hyper\\Desktop\\SAFAT_APP_fixed\\backend\\pages\\api\\admin\\butcher-applications\\[id]\\reject.ts": {"path":"C:\\Users\\hyper\\Desktop\\SAFAT_APP_fixed\\backend\\pages\\api\\admin\\butcher-applications\\[id]\\reject.ts","statementMap":{"0":{"start":{"line":12,"column":0},"end":{"line":12,"column":15}},"1":{"start":{"line":3,"column":0},"end":{"line":3,"column":84}},"2":{"start":{"line":4,"column":0},"end":{"line":4,"column":56}},"3":{"start":{"line":5,"column":0},"end":{"line":5,"column":95}},"4":{"start":{"line":6,"column":0},"end":{"line":6,"column":89}},"5":{"start":{"line":7,"column":0},"end":{"line":7,"column":80}},"6":{"start":{"line":8,"column":0},"end":{"line":8,"column":73}},"7":{"start":{"line":10,"column":13},"end":{"line":10,"column":68}},"8":{"start":{"line":13,"column":2},"end":{"line":13,"column":46}},"9":{"start":{"line":13,"column":39},"end":{"line":13,"column":46}},"10":{"start":{"line":14,"column":2},"end":{"line":14,"column":58}},"11":{"start":{"line":14,"column":29},"end":{"line":14,"column":58}},"12":{"start":{"line":16,"column":2},"end":{"line":16,"column":48}},"13":{"start":{"line":20,"column":24},"end":{"line":20,"column":53}},"14":{"start":{"line":21,"column":2},"end":{"line":23,"column":3}},"15":{"start":{"line":22,"column":4},"end":{"line":22,"column":62}},"16":{"start":{"line":25,"column":17},"end":{"line":25,"column":59}},"17":{"start":{"line":26,"column":2},"end":{"line":28,"column":3}},"18":{"start":{"line":27,"column":4},"end":{"line":27,"column":94}},"19":{"start":{"line":30,"column":2},"end":{"line":39,"column":3}},"20":{"start":{"line":31,"column":24},"end":{"line":34,"column":null}},"21":{"start":{"line":36,"column":4},"end":{"line":36,"column":41}},"22":{"start":{"line":38,"column":4},"end":{"line":38,"column":44}}},"fnMap":{"0":{"name":"handler","decl":{"start":{"line":12,"column":30},"end":{"line":12,"column":37}},"loc":{"start":{"line":12,"column":79},"end":{"line":17,"column":1}}},"1":{"name":"rejectApplication","decl":{"start":{"line":19,"column":15},"end":{"line":19,"column":32}},"loc":{"start":{"line":19,"column":73},"end":{"line":40,"column":1}}}},"branchMap":{"0":{"loc":{"start":{"line":13,"column":2},"end":{"line":13,"column":46}},"type":"if","locations":[{"start":{"line":13,"column":2},"end":{"line":13,"column":46}}]},"1":{"loc":{"start":{"line":14,"column":2},"end":{"line":14,"column":58}},"type":"if","locations":[{"start":{"line":14,"column":2},"end":{"line":14,"column":58}}]},"2":{"loc":{"start":{"line":21,"column":2},"end":{"line":23,"column":3}},"type":"if","locations":[{"start":{"line":21,"column":2},"end":{"line":23,"column":3}}]},"3":{"loc":{"start":{"line":25,"column":44},"end":{"line":25,"column":58}},"type":"binary-expr","locations":[{"start":{"line":25,"column":44},"end":{"line":25,"column":52}},{"start":{"line":25,"column":56},"end":{"line":25,"column":58}}]},"4":{"loc":{"start":{"line":26,"column":2},"end":{"line":28,"column":3}},"type":"if","locations":[{"start":{"line":26,"column":2},"end":{"line":28,"column":3}}]}},"s":{"0":1,"1":1,"2":1,"3":1,"4":1,"5":1,"6":1,"7":1,"8":1,"9":0,"10":1,"11":0,"12":1,"13":1,"14":1,"15":0,"16":1,"17":1,"18":1,"19":0,"20":0,"21":0,"22":0},"f":{"0":1,"1":1},"b":{"0":[0],"1":[0],"2":[0],"3":[1,0],"4":[1]}}
,"C:\\Users\\hyper\\Desktop\\SAFAT_APP_fixed\\backend\\pages\\api\\butcher-applications\\[id].ts": {"path":"C:\\Users\\hyper\\Desktop\\SAFAT_APP_fixed\\backend\\pages\\api\\butcher-applications\\[id].ts","statementMap":{"0":{"start":{"line":15,"column":0},"end":{"line":15,"column":15}},"1":{"start":{"line":3,"column":0},"end":{"line":3,"column":83}},"2":{"start":{"line":4,"column":0},"end":{"line":4,"column":56}},"3":{"start":{"line":5,"column":0},"end":{"line":5,"column":100}},"4":{"start":{"line":6,"column":0},"end":{"line":6,"column":89}},"5":{"start":{"line":7,"column":0},"end":{"line":7,"column":null}},"6":{"start":{"line":11,"column":0},"end":{"line":11,"column":71}},"7":{"start":{"line":13,"column":13},"end":{"line":13,"column":69}},"8":{"start":{"line":16,"column":2},"end":{"line":16,"column":46}},"9":{"start":{"line":16,"column":39},"end":{"line":16,"column":46}},"10":{"start":{"line":18,"column":2},"end":{"line":18,"column":70}},"11":{"start":{"line":18,"column":28},"end":{"line":18,"column":70}},"12":{"start":{"line":19,"column":2},"end":{"line":19,"column":69}},"13":{"start":{"line":19,"column":30},"end":{"line":19,"column":69}},"14":{"start":{"line":21,"column":2},"end":{"line":21,"column":31}},"15":{"start":{"line":25,"column":24},"end":{"line":25,"column":53}},"16":{"start":{"line":26,"column":2},"end":{"line":28,"column":3}},"17":{"start":{"line":27,"column":4},"end":{"line":27,"column":62}},"18":{"start":{"line":30,"column":2},"end":{"line":38,"column":3}},"19":{"start":{"line":31,"column":24},"end":{"line":33,"column":null}},"20":{"start":{"line":35,"column":4},"end":{"line":35,"column":41}},"21":{"start":{"line":37,"column":4},"end":{"line":37,"column":44}},"22":{"start":{"line":42,"column":24},"end":{"line":42,"column":53}},"23":{"start":{"line":43,"column":2},"end":{"line":45,"column":3}},"24":{"start":{"line":44,"column":4},"end":{"line":44,"column":62}},"25":{"start":{"line":47,"column":17},"end":{"line":47,"column":57}},"26":{"start":{"line":48,"column":2},"end":{"line":50,"column":3}},"27":{"start":{"line":49,"column":4},"end":{"line":49,"column":94}},"28":{"start":{"line":52,"column":28},"end":{"line":52,"column":55}},"29":{"start":{"line":53,"column":2},"end":{"line":57,"column":3}},"30":{"start":{"line":54,"column":4},"end":{"line":56,"column":7}},"31":{"start":{"line":59,"column":2},"end":{"line":69,"column":3}},"32":{"start":{"line":60,"column":24},"end":{"line":64,"column":null}},"33":{"start":{"line":66,"column":4},"end":{"line":66,"column":41}},"34":{"start":{"line":68,"column":4},"end":{"line":68,"column":44}}},"fnMap":{"0":{"name":"handler","decl":{"start":{"line":15,"column":30},"end":{"line":15,"column":37}},"loc":{"start":{"line":15,"column":79},"end":{"line":22,"column":1}}},"1":{"name":"getApplication","decl":{"start":{"line":24,"column":15},"end":{"line":24,"column":29}},"loc":{"start":{"line":24,"column":70},"end":{"line":39,"column":1}}},"2":{"name":"updateDraft","decl":{"start":{"line":41,"column":15},"end":{"line":41,"column":26}},"loc":{"start":{"line":41,"column":67},"end":{"line":70,"column":1}}}},"branchMap":{"0":{"loc":{"start":{"line":16,"column":2},"end":{"line":16,"column":46}},"type":"if","locations":[{"start":{"line":16,"column":2},"end":{"line":16,"column":46}}]},"1":{"loc":{"start":{"line":18,"column":2},"end":{"line":18,"column":70}},"type":"if","locations":[{"start":{"line":18,"column":2},"end":{"line":18,"column":70}}]},"2":{"loc":{"start":{"line":19,"column":2},"end":{"line":19,"column":69}},"type":"if","locations":[{"start":{"line":19,"column":2},"end":{"line":19,"column":69}}]},"3":{"loc":{"start":{"line":26,"column":2},"end":{"line":28,"column":3}},"type":"if","locations":[{"start":{"line":26,"column":2},"end":{"line":28,"column":3}}]},"4":{"loc":{"start":{"line":43,"column":2},"end":{"line":45,"column":3}},"type":"if","locations":[{"start":{"line":43,"column":2},"end":{"line":45,"column":3}}]},"5":{"loc":{"start":{"line":47,"column":42},"end":{"line":47,"column":56}},"type":"binary-expr","locations":[{"start":{"line":47,"column":42},"end":{"line":47,"column":50}},{"start":{"line":47,"column":54},"end":{"line":47,"column":56}}]},"6":{"loc":{"start":{"line":48,"column":2},"end":{"line":50,"column":3}},"type":"if","locations":[{"start":{"line":48,"column":2},"end":{"line":50,"column":3}}]},"7":{"loc":{"start":{"line":53,"column":2},"end":{"line":57,"column":3}},"type":"if","locations":[{"start":{"line":53,"column":2},"end":{"line":57,"column":3}}]}},"s":{"0":1,"1":1,"2":1,"3":1,"4":1,"5":1,"6":1,"7":1,"8":4,"9":0,"10":4,"11":3,"12":1,"13":1,"14":0,"15":3,"16":3,"17":1,"18":2,"19":2,"20":1,"21":1,"22":1,"23":1,"24":0,"25":1,"26":1,"27":0,"28":1,"29":1,"30":0,"31":1,"32":1,"33":0,"34":1},"f":{"0":4,"1":3,"2":1},"b":{"0":[0],"1":[3],"2":[1],"3":[1],"4":[0],"5":[1,0],"6":[0],"7":[0]}}
,"C:\\Users\\hyper\\Desktop\\SAFAT_APP_fixed\\backend\\pages\\api\\butcher-applications\\index.ts": {"path":"C:\\Users\\hyper\\Desktop\\SAFAT_APP_fixed\\backend\\pages\\api\\butcher-applications\\index.ts","statementMap":{"0":{"start":{"line":11,"column":0},"end":{"line":11,"column":15}},"1":{"start":{"line":3,"column":0},"end":{"line":3,"column":83}},"2":{"start":{"line":4,"column":0},"end":{"line":4,"column":56}},"3":{"start":{"line":5,"column":0},"end":{"line":5,"column":100}},"4":{"start":{"line":6,"column":0},"end":{"line":6,"column":89}},"5":{"start":{"line":7,"column":0},"end":{"line":7,"column":88}},"6":{"start":{"line":9,"column":13},"end":{"line":9,"column":69}},"7":{"start":{"line":12,"column":2},"end":{"line":12,"column":46}},"8":{"start":{"line":12,"column":39},"end":{"line":12,"column":46}},"9":{"start":{"line":14,"column":2},"end":{"line":14,"column":72}},"10":{"start":{"line":14,"column":28},"end":{"line":14,"column":72}},"11":{"start":{"line":15,"column":2},"end":{"line":15,"column":68}},"12":{"start":{"line":15,"column":29},"end":{"line":15,"column":68}},"13":{"start":{"line":17,"column":2},"end":{"line":17,"column":31}},"14":{"start":{"line":21,"column":17},"end":{"line":21,"column":53}},"15":{"start":{"line":22,"column":2},"end":{"line":24,"column":3}},"16":{"start":{"line":23,"column":4},"end":{"line":23,"column":94}},"17":{"start":{"line":26,"column":2},"end":{"line":39,"column":3}},"18":{"start":{"line":27,"column":17},"end":{"line":29,"column":null}},"19":{"start":{"line":32,"column":4},"end":{"line":36,"column":7}},"20":{"start":{"line":38,"column":4},"end":{"line":38,"column":44}},"21":{"start":{"line":43,"column":15},"end":{"line":43,"column":29}},"22":{"start":{"line":44,"column":17},"end":{"line":44,"column":47}},"23":{"start":{"line":45,"column":2},"end":{"line":47,"column":3}},"24":{"start":{"line":46,"column":4},"end":{"line":46,"column":94}},"25":{"start":{"line":49,"column":2},"end":{"line":57,"column":3}},"26":{"start":{"line":50,"column":24},"end":{"line":52,"column":null}},"27":{"start":{"line":54,"column":4},"end":{"line":54,"column":46}},"28":{"start":{"line":56,"column":4},"end":{"line":56,"column":44}}},"fnMap":{"0":{"name":"handler","decl":{"start":{"line":11,"column":30},"end":{"line":11,"column":37}},"loc":{"start":{"line":11,"column":79},"end":{"line":18,"column":1}}},"1":{"name":"listApplications","decl":{"start":{"line":20,"column":15},"end":{"line":20,"column":31}},"loc":{"start":{"line":20,"column":72},"end":{"line":40,"column":1}}},"2":{"name":"createDraft","decl":{"start":{"line":42,"column":15},"end":{"line":42,"column":26}},"loc":{"start":{"line":42,"column":67},"end":{"line":58,"column":1}}}},"branchMap":{"0":{"loc":{"start":{"line":12,"column":2},"end":{"line":12,"column":46}},"type":"if","locations":[{"start":{"line":12,"column":2},"end":{"line":12,"column":46}}]},"1":{"loc":{"start":{"line":14,"column":2},"end":{"line":14,"column":72}},"type":"if","locations":[{"start":{"line":14,"column":2},"end":{"line":14,"column":72}}]},"2":{"loc":{"start":{"line":15,"column":2},"end":{"line":15,"column":68}},"type":"if","locations":[{"start":{"line":15,"column":2},"end":{"line":15,"column":68}}]},"3":{"loc":{"start":{"line":22,"column":2},"end":{"line":24,"column":3}},"type":"if","locations":[{"start":{"line":22,"column":2},"end":{"line":24,"column":3}}]},"4":{"loc":{"start":{"line":43,"column":15},"end":{"line":43,"column":29}},"type":"binary-expr","locations":[{"start":{"line":43,"column":15},"end":{"line":43,"column":23}},{"start":{"line":43,"column":27},"end":{"line":43,"column":29}}]},"5":{"loc":{"start":{"line":45,"column":2},"end":{"line":47,"column":3}},"type":"if","locations":[{"start":{"line":45,"column":2},"end":{"line":47,"column":3}}]}},"s":{"0":1,"1":1,"2":1,"3":1,"4":1,"5":1,"6":1,"7":4,"8":0,"9":4,"10":2,"11":2,"12":2,"13":0,"14":2,"15":2,"16":1,"17":1,"18":1,"19":1,"20":0,"21":2,"22":2,"23":2,"24":1,"25":1,"26":1,"27":1,"28":0},"f":{"0":4,"1":2,"2":2},"b":{"0":[0],"1":[2],"2":[2],"3":[1],"4":[2,0],"5":[1]}}
,"C:\\Users\\hyper\\Desktop\\SAFAT_APP_fixed\\backend\\pages\\api\\butcher-applications\\[id]\\submit.ts": {"path":"C:\\Users\\hyper\\Desktop\\SAFAT_APP_fixed\\backend\\pages\\api\\butcher-applications\\[id]\\submit.ts","statementMap":{"0":{"start":{"line":12,"column":0},"end":{"line":12,"column":15}},"1":{"start":{"line":3,"column":0},"end":{"line":3,"column":83}},"2":{"start":{"line":4,"column":0},"end":{"line":4,"column":56}},"3":{"start":{"line":5,"column":0},"end":{"line":5,"column":100}},"4":{"start":{"line":6,"column":0},"end":{"line":6,"column":89}},"5":{"start":{"line":7,"column":0},"end":{"line":7,"column":80}},"6":{"start":{"line":8,"column":0},"end":{"line":8,"column":73}},"7":{"start":{"line":10,"column":13},"end":{"line":10,"column":68}},"8":{"start":{"line":13,"column":2},"end":{"line":13,"column":46}},"9":{"start":{"line":13,"column":39},"end":{"line":13,"column":46}},"10":{"start":{"line":14,"column":2},"end":{"line":14,"column":58}},"11":{"start":{"line":14,"column":29},"end":{"line":14,"column":58}},"12":{"start":{"line":16,"column":2},"end":{"line":16,"column":47}},"13":{"start":{"line":20,"column":24},"end":{"line":20,"column":53}},"14":{"start":{"line":21,"column":2},"end":{"line":23,"column":3}},"15":{"start":{"line":22,"column":4},"end":{"line":22,"column":62}},"16":{"start":{"line":25,"column":17},"end":{"line":25,"column":59}},"17":{"start":{"line":26,"column":2},"end":{"line":28,"column":3}},"18":{"start":{"line":27,"column":4},"end":{"line":27,"column":94}},"19":{"start":{"line":30,"column":2},"end":{"line":39,"column":3}},"20":{"start":{"line":31,"column":24},"end":{"line":34,"column":null}},"21":{"start":{"line":36,"column":4},"end":{"line":36,"column":41}},"22":{"start":{"line":38,"column":4},"end":{"line":38,"column":44}}},"fnMap":{"0":{"name":"handler","decl":{"start":{"line":12,"column":30},"end":{"line":12,"column":37}},"loc":{"start":{"line":12,"column":79},"end":{"line":17,"column":1}}},"1":{"name":"submitApplication","decl":{"start":{"line":19,"column":15},"end":{"line":19,"column":32}},"loc":{"start":{"line":19,"column":73},"end":{"line":40,"column":1}}}},"branchMap":{"0":{"loc":{"start":{"line":13,"column":2},"end":{"line":13,"column":46}},"type":"if","locations":[{"start":{"line":13,"column":2},"end":{"line":13,"column":46}}]},"1":{"loc":{"start":{"line":14,"column":2},"end":{"line":14,"column":58}},"type":"if","locations":[{"start":{"line":14,"column":2},"end":{"line":14,"column":58}}]},"2":{"loc":{"start":{"line":21,"column":2},"end":{"line":23,"column":3}},"type":"if","locations":[{"start":{"line":21,"column":2},"end":{"line":23,"column":3}}]},"3":{"loc":{"start":{"line":25,"column":44},"end":{"line":25,"column":58}},"type":"binary-expr","locations":[{"start":{"line":25,"column":44},"end":{"line":25,"column":52}},{"start":{"line":25,"column":56},"end":{"line":25,"column":58}}]},"4":{"loc":{"start":{"line":26,"column":2},"end":{"line":28,"column":3}},"type":"if","locations":[{"start":{"line":26,"column":2},"end":{"line":28,"column":3}}]}},"s":{"0":1,"1":1,"2":1,"3":1,"4":1,"5":1,"6":1,"7":1,"8":2,"9":0,"10":2,"11":0,"12":2,"13":2,"14":2,"15":0,"16":2,"17":2,"18":1,"19":1,"20":1,"21":1,"22":0},"f":{"0":2,"1":2},"b":{"0":[0],"1":[0],"2":[0],"3":[2,0],"4":[1]}}
,"C:\\Users\\hyper\\Desktop\\SAFAT_APP_fixed\\backend\\pages\\api\\butcher-applications\\[id]\\withdraw.ts": {"path":"C:\\Users\\hyper\\Desktop\\SAFAT_APP_fixed\\backend\\pages\\api\\butcher-applications\\[id]\\withdraw.ts","statementMap":{"0":{"start":{"line":12,"column":0},"end":{"line":12,"column":15}},"1":{"start":{"line":3,"column":0},"end":{"line":3,"column":83}},"2":{"start":{"line":4,"column":0},"end":{"line":4,"column":56}},"3":{"start":{"line":5,"column":0},"end":{"line":5,"column":100}},"4":{"start":{"line":6,"column":0},"end":{"line":6,"column":89}},"5":{"start":{"line":7,"column":0},"end":{"line":7,"column":80}},"6":{"start":{"line":8,"column":0},"end":{"line":8,"column":75}},"7":{"start":{"line":10,"column":13},"end":{"line":10,"column":68}},"8":{"start":{"line":13,"column":2},"end":{"line":13,"column":46}},"9":{"start":{"line":13,"column":39},"end":{"line":13,"column":46}},"10":{"start":{"line":14,"column":2},"end":{"line":14,"column":58}},"11":{"start":{"line":14,"column":29},"end":{"line":14,"column":58}},"12":{"start":{"line":16,"column":2},"end":{"line":16,"column":49}},"13":{"start":{"line":20,"column":24},"end":{"line":20,"column":53}},"14":{"start":{"line":21,"column":2},"end":{"line":23,"column":3}},"15":{"start":{"line":22,"column":4},"end":{"line":22,"column":62}},"16":{"start":{"line":25,"column":17},"end":{"line":25,"column":61}},"17":{"start":{"line":26,"column":2},"end":{"line":28,"column":3}},"18":{"start":{"line":27,"column":4},"end":{"line":27,"column":94}},"19":{"start":{"line":30,"column":2},"end":{"line":39,"column":3}},"20":{"start":{"line":31,"column":24},"end":{"line":34,"column":null}},"21":{"start":{"line":36,"column":4},"end":{"line":36,"column":41}},"22":{"start":{"line":38,"column":4},"end":{"line":38,"column":44}}},"fnMap":{"0":{"name":"handler","decl":{"start":{"line":12,"column":30},"end":{"line":12,"column":37}},"loc":{"start":{"line":12,"column":79},"end":{"line":17,"column":1}}},"1":{"name":"withdrawApplication","decl":{"start":{"line":19,"column":15},"end":{"line":19,"column":34}},"loc":{"start":{"line":19,"column":75},"end":{"line":40,"column":1}}}},"branchMap":{"0":{"loc":{"start":{"line":13,"column":2},"end":{"line":13,"column":46}},"type":"if","locations":[{"start":{"line":13,"column":2},"end":{"line":13,"column":46}}]},"1":{"loc":{"start":{"line":14,"column":2},"end":{"line":14,"column":58}},"type":"if","locations":[{"start":{"line":14,"column":2},"end":{"line":14,"column":58}}]},"2":{"loc":{"start":{"line":21,"column":2},"end":{"line":23,"column":3}},"type":"if","locations":[{"start":{"line":21,"column":2},"end":{"line":23,"column":3}}]},"3":{"loc":{"start":{"line":25,"column":46},"end":{"line":25,"column":60}},"type":"binary-expr","locations":[{"start":{"line":25,"column":46},"end":{"line":25,"column":54}},{"start":{"line":25,"column":58},"end":{"line":25,"column":60}}]},"4":{"loc":{"start":{"line":26,"column":2},"end":{"line":28,"column":3}},"type":"if","locations":[{"start":{"line":26,"column":2},"end":{"line":28,"column":3}}]}},"s":{"0":1,"1":1,"2":1,"3":1,"4":1,"5":1,"6":1,"7":1,"8":1,"9":0,"10":1,"11":0,"12":1,"13":1,"14":1,"15":0,"16":1,"17":1,"18":0,"19":1,"20":1,"21":1,"22":0},"f":{"0":1,"1":1},"b":{"0":[0],"1":[0],"2":[0],"3":[1,0],"4":[0]}}
,"C:\\Users\\hyper\\Desktop\\SAFAT_APP_fixed\\backend\\pages\\api\\butcher-applications\\[id]\\documents\\[documentId].ts": {"path":"C:\\Users\\hyper\\Desktop\\SAFAT_APP_fixed\\backend\\pages\\api\\butcher-applications\\[id]\\documents\\[documentId].ts","statementMap":{"0":{"start":{"line":15,"column":0},"end":{"line":15,"column":15}},"1":{"start":{"line":3,"column":0},"end":{"line":3,"column":83}},"2":{"start":{"line":4,"column":0},"end":{"line":4,"column":56}},"3":{"start":{"line":5,"column":0},"end":{"line":5,"column":101}},"4":{"start":{"line":6,"column":0},"end":{"line":6,"column":89}},"5":{"start":{"line":7,"column":0},"end":{"line":7,"column":null}},"6":{"start":{"line":11,"column":0},"end":{"line":11,"column":82}},"7":{"start":{"line":13,"column":13},"end":{"line":13,"column":69}},"8":{"start":{"line":16,"column":2},"end":{"line":16,"column":46}},"9":{"start":{"line":16,"column":39},"end":{"line":16,"column":46}},"10":{"start":{"line":18,"column":2},"end":{"line":18,"column":73}},"11":{"start":{"line":18,"column":30},"end":{"line":18,"column":73}},"12":{"start":{"line":19,"column":2},"end":{"line":19,"column":73}},"13":{"start":{"line":19,"column":31},"end":{"line":19,"column":73}},"14":{"start":{"line":21,"column":2},"end":{"line":21,"column":31}},"15":{"start":{"line":25,"column":24},"end":{"line":25,"column":53}},"16":{"start":{"line":26,"column":21},"end":{"line":26,"column":47}},"17":{"start":{"line":28,"column":2},"end":{"line":30,"column":3}},"18":{"start":{"line":29,"column":4},"end":{"line":29,"column":62}},"19":{"start":{"line":32,"column":17},"end":{"line":32,"column":68}},"20":{"start":{"line":33,"column":2},"end":{"line":35,"column":3}},"21":{"start":{"line":34,"column":4},"end":{"line":34,"column":94}},"22":{"start":{"line":37,"column":2},"end":{"line":47,"column":3}},"23":{"start":{"line":38,"column":21},"end":{"line":42,"column":null}},"24":{"start":{"line":44,"column":4},"end":{"line":44,"column":38}},"25":{"start":{"line":46,"column":4},"end":{"line":46,"column":44}},"26":{"start":{"line":51,"column":24},"end":{"line":51,"column":53}},"27":{"start":{"line":52,"column":21},"end":{"line":52,"column":47}},"28":{"start":{"line":54,"column":2},"end":{"line":56,"column":3}},"29":{"start":{"line":55,"column":4},"end":{"line":55,"column":62}},"30":{"start":{"line":58,"column":2},"end":{"line":67,"column":3}},"31":{"start":{"line":59,"column":4},"end":{"line":63,"column":6}},"32":{"start":{"line":64,"column":4},"end":{"line":64,"column":33}},"33":{"start":{"line":66,"column":4},"end":{"line":66,"column":44}}},"fnMap":{"0":{"name":"handler","decl":{"start":{"line":15,"column":30},"end":{"line":15,"column":37}},"loc":{"start":{"line":15,"column":79},"end":{"line":22,"column":1}}},"1":{"name":"replaceDocument","decl":{"start":{"line":24,"column":15},"end":{"line":24,"column":30}},"loc":{"start":{"line":24,"column":71},"end":{"line":48,"column":1}}},"2":{"name":"deleteDocument","decl":{"start":{"line":50,"column":15},"end":{"line":50,"column":29}},"loc":{"start":{"line":50,"column":70},"end":{"line":68,"column":1}}}},"branchMap":{"0":{"loc":{"start":{"line":16,"column":2},"end":{"line":16,"column":46}},"type":"if","locations":[{"start":{"line":16,"column":2},"end":{"line":16,"column":46}}]},"1":{"loc":{"start":{"line":18,"column":2},"end":{"line":18,"column":73}},"type":"if","locations":[{"start":{"line":18,"column":2},"end":{"line":18,"column":73}}]},"2":{"loc":{"start":{"line":19,"column":2},"end":{"line":19,"column":73}},"type":"if","locations":[{"start":{"line":19,"column":2},"end":{"line":19,"column":73}}]},"3":{"loc":{"start":{"line":28,"column":2},"end":{"line":30,"column":3}},"type":"if","locations":[{"start":{"line":28,"column":2},"end":{"line":30,"column":3}}]},"4":{"loc":{"start":{"line":28,"column":6},"end":{"line":28,"column":35}},"type":"binary-expr","locations":[{"start":{"line":28,"column":6},"end":{"line":28,"column":20}},{"start":{"line":28,"column":24},"end":{"line":28,"column":35}}]},"5":{"loc":{"start":{"line":32,"column":53},"end":{"line":32,"column":67}},"type":"binary-expr","locations":[{"start":{"line":32,"column":53},"end":{"line":32,"column":61}},{"start":{"line":32,"column":65},"end":{"line":32,"column":67}}]},"6":{"loc":{"start":{"line":33,"column":2},"end":{"line":35,"column":3}},"type":"if","locations":[{"start":{"line":33,"column":2},"end":{"line":35,"column":3}}]},"7":{"loc":{"start":{"line":54,"column":2},"end":{"line":56,"column":3}},"type":"if","locations":[{"start":{"line":54,"column":2},"end":{"line":56,"column":3}}]},"8":{"loc":{"start":{"line":54,"column":6},"end":{"line":54,"column":35}},"type":"binary-expr","locations":[{"start":{"line":54,"column":6},"end":{"line":54,"column":20}},{"start":{"line":54,"column":24},"end":{"line":54,"column":35}}]}},"s":{"0":1,"1":1,"2":1,"3":1,"4":1,"5":1,"6":1,"7":1,"8":2,"9":0,"10":2,"11":1,"12":1,"13":1,"14":0,"15":1,"16":1,"17":1,"18":0,"19":1,"20":1,"21":1,"22":0,"23":0,"24":0,"25":0,"26":1,"27":1,"28":1,"29":0,"30":1,"31":1,"32":1,"33":0},"f":{"0":2,"1":1,"2":1},"b":{"0":[0],"1":[1],"2":[1],"3":[0],"4":[1,1],"5":[1,0],"6":[1],"7":[0],"8":[1,1]}}
,"C:\\Users\\hyper\\Desktop\\SAFAT_APP_fixed\\backend\\pages\\api\\butcher-applications\\[id]\\documents\\index.ts": {"path":"C:\\Users\\hyper\\Desktop\\SAFAT_APP_fixed\\backend\\pages\\api\\butcher-applications\\[id]\\documents\\index.ts","statementMap":{"0":{"start":{"line":12,"column":0},"end":{"line":12,"column":15}},"1":{"start":{"line":3,"column":0},"end":{"line":3,"column":83}},"2":{"start":{"line":4,"column":0},"end":{"line":4,"column":56}},"3":{"start":{"line":5,"column":0},"end":{"line":5,"column":101}},"4":{"start":{"line":6,"column":0},"end":{"line":6,"column":89}},"5":{"start":{"line":7,"column":0},"end":{"line":7,"column":80}},"6":{"start":{"line":8,"column":0},"end":{"line":8,"column":81}},"7":{"start":{"line":10,"column":13},"end":{"line":10,"column":69}},"8":{"start":{"line":13,"column":2},"end":{"line":13,"column":46}},"9":{"start":{"line":13,"column":39},"end":{"line":13,"column":46}},"10":{"start":{"line":14,"column":2},"end":{"line":14,"column":58}},"11":{"start":{"line":14,"column":29},"end":{"line":14,"column":58}},"12":{"start":{"line":16,"column":2},"end":{"line":16,"column":44}},"13":{"start":{"line":20,"column":24},"end":{"line":20,"column":53}},"14":{"start":{"line":21,"column":2},"end":{"line":23,"column":3}},"15":{"start":{"line":22,"column":4},"end":{"line":22,"column":62}},"16":{"start":{"line":25,"column":17},"end":{"line":25,"column":67}},"17":{"start":{"line":26,"column":2},"end":{"line":28,"column":3}},"18":{"start":{"line":27,"column":4},"end":{"line":27,"column":94}},"19":{"start":{"line":30,"column":2},"end":{"line":39,"column":3}},"20":{"start":{"line":31,"column":21},"end":{"line":34,"column":null}},"21":{"start":{"line":36,"column":4},"end":{"line":36,"column":43}},"22":{"start":{"line":38,"column":4},"end":{"line":38,"column":44}}},"fnMap":{"0":{"name":"handler","decl":{"start":{"line":12,"column":30},"end":{"line":12,"column":37}},"loc":{"start":{"line":12,"column":79},"end":{"line":17,"column":1}}},"1":{"name":"uploadDocument","decl":{"start":{"line":19,"column":15},"end":{"line":19,"column":29}},"loc":{"start":{"line":19,"column":70},"end":{"line":40,"column":1}}}},"branchMap":{"0":{"loc":{"start":{"line":13,"column":2},"end":{"line":13,"column":46}},"type":"if","locations":[{"start":{"line":13,"column":2},"end":{"line":13,"column":46}}]},"1":{"loc":{"start":{"line":14,"column":2},"end":{"line":14,"column":58}},"type":"if","locations":[{"start":{"line":14,"column":2},"end":{"line":14,"column":58}}]},"2":{"loc":{"start":{"line":21,"column":2},"end":{"line":23,"column":3}},"type":"if","locations":[{"start":{"line":21,"column":2},"end":{"line":23,"column":3}}]},"3":{"loc":{"start":{"line":25,"column":52},"end":{"line":25,"column":66}},"type":"binary-expr","locations":[{"start":{"line":25,"column":52},"end":{"line":25,"column":60}},{"start":{"line":25,"column":64},"end":{"line":25,"column":66}}]},"4":{"loc":{"start":{"line":26,"column":2},"end":{"line":28,"column":3}},"type":"if","locations":[{"start":{"line":26,"column":2},"end":{"line":28,"column":3}}]}},"s":{"0":1,"1":1,"2":1,"3":1,"4":1,"5":1,"6":1,"7":1,"8":1,"9":0,"10":1,"11":0,"12":1,"13":1,"14":1,"15":0,"16":1,"17":1,"18":0,"19":1,"20":1,"21":1,"22":0},"f":{"0":1,"1":1},"b":{"0":[0],"1":[0],"2":[0],"3":[1,0],"4":[0]}}
,"C:\\Users\\hyper\\Desktop\\SAFAT_APP_fixed\\backend\\src\\butcher-applications\\constants.ts": {"path":"C:\\Users\\hyper\\Desktop\\SAFAT_APP_fixed\\backend\\src\\butcher-applications\\constants.ts","statementMap":{"0":{"start":{"line":3,"column":13},"end":{"line":3,"column":41}},"1":{"start":{"line":4,"column":13},"end":{"line":4,"column":37}},"2":{"start":{"line":5,"column":13},"end":{"line":5,"column":42}},"3":{"start":{"line":6,"column":13},"end":{"line":6,"column":39}},"4":{"start":{"line":8,"column":13},"end":{"line":8,"column":55}},"5":{"start":{"line":10,"column":13},"end":{"line":15,"column":2}},"6":{"start":{"line":17,"column":13},"end":{"line":17,"column":79}},"7":{"start":{"line":19,"column":13},"end":{"line":24,"column":11}},"8":{"start":{"line":26,"column":13},"end":{"line":26,"column":56}},"9":{"start":{"line":27,"column":13},"end":{"line":27,"column":58}},"10":{"start":{"line":29,"column":13},"end":{"line":43,"column":11}},"11":{"start":{"line":45,"column":13},"end":{"line":45,"column":65}},"12":{"start":{"line":47,"column":13},"end":{"line":51,"column":11}}},"fnMap":{},"branchMap":{},"s":{"0":11,"1":11,"2":11,"3":11,"4":11,"5":11,"6":11,"7":11,"8":11,"9":11,"10":11,"11":11,"12":11},"f":{},"b":{}}
,"C:\\Users\\hyper\\Desktop\\SAFAT_APP_fixed\\backend\\src\\butcher-applications\\errors.ts": {"path":"C:\\Users\\hyper\\Desktop\\SAFAT_APP_fixed\\backend\\src\\butcher-applications\\errors.ts","statementMap":{"0":{"start":{"line":146,"column":0},"end":{"line":146,"column":16}},"1":{"start":{"line":150,"column":0},"end":{"line":150,"column":16}},"2":{"start":{"line":26,"column":4},"end":{"line":127,"column":2}},"3":{"start":{"line":136,"column":17},"end":{"line":136,"column":33}},"4":{"start":{"line":137,"column":4},"end":{"line":137,"column":26}},"5":{"start":{"line":138,"column":4},"end":{"line":138,"column":42}},"6":{"start":{"line":139,"column":4},"end":{"line":139,"column":21}},"7":{"start":{"line":140,"column":4},"end":{"line":140,"column":38}},"8":{"start":{"line":141,"column":4},"end":{"line":141,"column":36}},"9":{"start":{"line":142,"column":4},"end":{"line":142,"column":27}},"10":{"start":{"line":129,"column":0},"end":{"line":129,"column":13}},"11":{"start":{"line":147,"column":2},"end":{"line":147,"column":48}},"12":{"start":{"line":151,"column":2},"end":{"line":158,"column":3}},"13":{"start":{"line":157,"column":4},"end":{"line":157,"column":16}},"14":{"start":{"line":160,"column":16},"end":{"line":160,"column":69}},"15":{"start":{"line":161,"column":20},"end":{"line":161,"column":76}},"16":{"start":{"line":162,"column":17},"end":{"line":162,"column":45}},"17":{"start":{"line":163,"column":19},"end":{"line":163,"column":60}},"18":{"start":{"line":165,"column":2},"end":{"line":172,"column":3}},"19":{"start":{"line":166,"column":4},"end":{"line":168,"column":5}},"20":{"start":{"line":167,"column":6},"end":{"line":167,"column":67}},"21":{"start":{"line":169,"column":4},"end":{"line":171,"column":5}},"22":{"start":{"line":170,"column":6},"end":{"line":170,"column":67}},"23":{"start":{"line":174,"column":2},"end":{"line":196,"column":3}},"24":{"start":{"line":175,"column":4},"end":{"line":180,"column":5}},"25":{"start":{"line":179,"column":6},"end":{"line":179,"column":64}},"26":{"start":{"line":181,"column":4},"end":{"line":186,"column":5}},"27":{"start":{"line":185,"column":6},"end":{"line":185,"column":68}},"28":{"start":{"line":187,"column":4},"end":{"line":195,"column":5}},"29":{"start":{"line":189,"column":6},"end":{"line":191,"column":7}},"30":{"start":{"line":190,"column":8},"end":{"line":190,"column":66}},"31":{"start":{"line":192,"column":6},"end":{"line":194,"column":7}},"32":{"start":{"line":193,"column":8},"end":{"line":193,"column":70}},"33":{"start":{"line":198,"column":2},"end":{"line":204,"column":3}},"34":{"start":{"line":203,"column":4},"end":{"line":203,"column":71}},"35":{"start":{"line":206,"column":2},"end":{"line":206,"column":14}},"36":{"start":{"line":210,"column":2},"end":{"line":212,"column":3}},"37":{"start":{"line":211,"column":4},"end":{"line":211,"column":68}},"38":{"start":{"line":211,"column":45},"end":{"line":211,"column":66}},"39":{"start":{"line":213,"column":2},"end":{"line":213,"column":50}},"40":{"start":{"line":213,"column":34},"end":{"line":213,"column":50}},"41":{"start":{"line":214,"column":2},"end":{"line":214,"column":12}},"42":{"start":{"line":222,"column":18},"end":{"line":222,"column":66}},"43":{"start":{"line":223,"column":2},"end":{"line":231,"column":19}}},"fnMap":{"0":{"name":"(anonymous_0)","decl":{"start":{"line":135,"column":2},"end":{"line":135,"column":14}},"loc":{"start":{"line":135,"column":66},"end":{"line":143,"column":3}}},"1":{"name":"isButcherApplicationError","decl":{"start":{"line":146,"column":16},"end":{"line":146,"column":41}},"loc":{"start":{"line":146,"column":54},"end":{"line":148,"column":1}}},"2":{"name":"mapPrismaUniqueViolation","decl":{"start":{"line":150,"column":16},"end":{"line":150,"column":40}},"loc":{"start":{"line":150,"column":53},"end":{"line":207,"column":1}}},"3":{"name":"normalizeTarget","decl":{"start":{"line":209,"column":9},"end":{"line":209,"column":24}},"loc":{"start":{"line":209,"column":40},"end":{"line":215,"column":1}}},"4":{"name":"(anonymous_4)","decl":{"start":{"line":211,"column":25},"end":{"line":211,"column":26}},"loc":{"start":{"line":211,"column":45},"end":{"line":211,"column":66}}},"5":{"name":"buildViolationHaystack","decl":{"start":{"line":217,"column":9},"end":{"line":217,"column":31}},"loc":{"start":{"line":220,"column":18},"end":{"line":232,"column":1}}}},"branchMap":{"0":{"loc":{"start":{"line":151,"column":2},"end":{"line":158,"column":3}},"type":"if","locations":[{"start":{"line":151,"column":2},"end":{"line":158,"column":3}}]},"1":{"loc":{"start":{"line":152,"column":4},"end":{"line":155,"column":46}},"type":"binary-expr","locations":[{"start":{"line":152,"column":4},"end":{"line":152,"column":27}},{"start":{"line":153,"column":4},"end":{"line":153,"column":16}},{"start":{"line":154,"column":4},"end":{"line":154,"column":20}},{"start":{"line":155,"column":5},"end":{"line":155,"column":46}}]},"2":{"loc":{"start":{"line":160,"column":16},"end":{"line":160,"column":69}},"type":"binary-expr","locations":[{"start":{"line":160,"column":16},"end":{"line":160,"column":63}},{"start":{"line":160,"column":67},"end":{"line":160,"column":69}}]},"3":{"loc":{"start":{"line":161,"column":20},"end":{"line":161,"column":76}},"type":"cond-expr","locations":[{"start":{"line":161,"column":57},"end":{"line":161,"column":71}},{"start":{"line":161,"column":74},"end":{"line":161,"column":76}}]},"4":{"loc":{"start":{"line":165,"column":2},"end":{"line":172,"column":3}},"type":"if","locations":[{"start":{"line":165,"column":2},"end":{"line":172,"column":3}}]},"5":{"loc":{"start":{"line":166,"column":4},"end":{"line":168,"column":5}},"type":"if","locations":[{"start":{"line":166,"column":4},"end":{"line":168,"column":5}}]},"6":{"loc":{"start":{"line":166,"column":8},"end":{"line":166,"column":76}},"type":"binary-expr","locations":[{"start":{"line":166,"column":8},"end":{"line":166,"column":33}},{"start":{"line":166,"column":37},"end":{"line":166,"column":76}}]},"7":{"loc":{"start":{"line":169,"column":4},"end":{"line":171,"column":5}},"type":"if","locations":[{"start":{"line":169,"column":4},"end":{"line":171,"column":5}}]},"8":{"loc":{"start":{"line":174,"column":2},"end":{"line":196,"column":3}},"type":"if","locations":[{"start":{"line":174,"column":2},"end":{"line":196,"column":3}}]},"9":{"loc":{"start":{"line":175,"column":4},"end":{"line":180,"column":5}},"type":"if","locations":[{"start":{"line":175,"column":4},"end":{"line":180,"column":5}}]},"10":{"loc":{"start":{"line":176,"column":6},"end":{"line":177,"column":45}},"type":"binary-expr","locations":[{"start":{"line":176,"column":6},"end":{"line":176,"column":68}},{"start":{"line":177,"column":6},"end":{"line":177,"column":45}}]},"11":{"loc":{"start":{"line":181,"column":4},"end":{"line":186,"column":5}},"type":"if","locations":[{"start":{"line":181,"column":4},"end":{"line":186,"column":5}}]},"12":{"loc":{"start":{"line":182,"column":6},"end":{"line":183,"column":49}},"type":"binary-expr","locations":[{"start":{"line":182,"column":6},"end":{"line":182,"column":72}},{"start":{"line":183,"column":6},"end":{"line":183,"column":49}}]},"13":{"loc":{"start":{"line":187,"column":4},"end":{"line":195,"column":5}},"type":"if","locations":[{"start":{"line":187,"column":4},"end":{"line":195,"column":5}}]},"14":{"loc":{"start":{"line":187,"column":8},"end":{"line":187,"column":53}},"type":"binary-expr","locations":[{"start":{"line":187,"column":8},"end":{"line":187,"column":27}},{"start":{"line":187,"column":31},"end":{"line":187,"column":53}}]},"15":{"loc":{"start":{"line":189,"column":6},"end":{"line":191,"column":7}},"type":"if","locations":[{"start":{"line":189,"column":6},"end":{"line":191,"column":7}}]},"16":{"loc":{"start":{"line":189,"column":10},"end":{"line":189,"column":66}},"type":"binary-expr","locations":[{"start":{"line":189,"column":10},"end":{"line":189,"column":36}},{"start":{"line":189,"column":40},"end":{"line":189,"column":66}}]},"17":{"loc":{"start":{"line":192,"column":6},"end":{"line":194,"column":7}},"type":"if","locations":[{"start":{"line":192,"column":6},"end":{"line":194,"column":7}}]},"18":{"loc":{"start":{"line":192,"column":10},"end":{"line":192,"column":74}},"type":"binary-expr","locations":[{"start":{"line":192,"column":10},"end":{"line":192,"column":40}},{"start":{"line":192,"column":44},"end":{"line":192,"column":74}}]},"19":{"loc":{"start":{"line":198,"column":2},"end":{"line":204,"column":3}},"type":"if","locations":[{"start":{"line":198,"column":2},"end":{"line":204,"column":3}}]},"20":{"loc":{"start":{"line":199,"column":4},"end":{"line":201,"column":27}},"type":"binary-expr","locations":[{"start":{"line":199,"column":4},"end":{"line":199,"column":46}},{"start":{"line":200,"column":4},"end":{"line":200,"column":36}},{"start":{"line":201,"column":4},"end":{"line":201,"column":27}}]},"21":{"loc":{"start":{"line":210,"column":2},"end":{"line":212,"column":3}},"type":"if","locations":[{"start":{"line":210,"column":2},"end":{"line":212,"column":3}}]},"22":{"loc":{"start":{"line":213,"column":2},"end":{"line":213,"column":50}},"type":"if","locations":[{"start":{"line":213,"column":2},"end":{"line":213,"column":50}}]},"23":{"loc":{"start":{"line":222,"column":18},"end":{"line":222,"column":66}},"type":"cond-expr","locations":[{"start":{"line":222,"column":41},"end":{"line":222,"column":52}},{"start":{"line":222,"column":55},"end":{"line":222,"column":66}}]},"24":{"loc":{"start":{"line":227,"column":4},"end":{"line":227,"column":62}},"type":"cond-expr","locations":[{"start":{"line":227,"column":42},"end":{"line":227,"column":57}},{"start":{"line":227,"column":60},"end":{"line":227,"column":62}}]},"25":{"loc":{"start":{"line":228,"column":4},"end":{"line":228,"column":52}},"type":"cond-expr","locations":[{"start":{"line":228,"column":37},"end":{"line":228,"column":47}},{"start":{"line":228,"column":50},"end":{"line":228,"column":52}}]}},"s":{"0":24,"1":24,"2":24,"3":40,"4":40,"5":40,"6":40,"7":40,"8":40,"9":40,"10":24,"11":4,"12":9,"13":4,"14":5,"15":5,"16":5,"17":5,"18":5,"19":1,"20":1,"21":0,"22":0,"23":4,"24":2,"25":1,"26":1,"27":1,"28":0,"29":0,"30":0,"31":0,"32":0,"33":2,"34":2,"35":0,"36":5,"37":5,"38":7,"39":0,"40":0,"41":0,"42":5,"43":5},"f":{"0":40,"1":4,"2":9,"3":5,"4":7,"5":5},"b":{"0":[4],"1":[9,9,9,8],"2":[5,0],"3":[5,0],"4":[1],"5":[1],"6":[1,0],"7":[0],"8":[2],"9":[1],"10":[2,2],"11":[1],"12":[1,1],"13":[0],"14":[0,0],"15":[0],"16":[0,0],"17":[0],"18":[0,0],"19":[2],"20":[2,2,2],"21":[5],"22":[0],"23":[0,5],"24":[2,3],"25":[0,5]}}
,"C:\\Users\\hyper\\Desktop\\SAFAT_APP_fixed\\backend\\src\\butcher-applications\\mappers.ts": {"path":"C:\\Users\\hyper\\Desktop\\SAFAT_APP_fixed\\backend\\src\\butcher-applications\\mappers.ts","statementMap":{"0":{"start":{"line":46,"column":0},"end":{"line":46,"column":16}},"1":{"start":{"line":67,"column":0},"end":{"line":67,"column":16}},"2":{"start":{"line":88,"column":0},"end":{"line":88,"column":16}},"3":{"start":{"line":126,"column":0},"end":{"line":126,"column":16}},"4":{"start":{"line":143,"column":0},"end":{"line":143,"column":16}},"5":{"start":{"line":150,"column":0},"end":{"line":150,"column":16}},"6":{"start":{"line":15,"column":20},"end":{"line":15,"column":67}},"7":{"start":{"line":16,"column":2},"end":{"line":29,"column":4}},"8":{"start":{"line":35,"column":2},"end":{"line":43,"column":4}},"9":{"start":{"line":49,"column":2},"end":{"line":64,"column":4}},"10":{"start":{"line":70,"column":2},"end":{"line":85,"column":4}},"11":{"start":{"line":92,"column":23},"end":{"line":92,"column":58}},"12":{"start":{"line":93,"column":18},"end":{"line":93,"column":43}},"13":{"start":{"line":95,"column":2},"end":{"line":123,"column":4}},"14":{"start":{"line":111,"column":40},"end":{"line":111,"column":70}},"15":{"start":{"line":129,"column":31},"end":{"line":129,"column":90}},"16":{"start":{"line":129,"column":59},"end":{"line":129,"column":82}},"17":{"start":{"line":130,"column":2},"end":{"line":140,"column":4}},"18":{"start":{"line":147,"column":2},"end":{"line":147,"column":47}},"19":{"start":{"line":153,"column":2},"end":{"line":153,"column":30}}},"fnMap":{"0":{"name":"toDocumentDto","decl":{"start":{"line":11,"column":9},"end":{"line":11,"column":22}},"loc":{"start":{"line":13,"column":28},"end":{"line":30,"column":1}}},"1":{"name":"toTimelineDto","decl":{"start":{"line":32,"column":9},"end":{"line":32,"column":22}},"loc":{"start":{"line":33,"column":59},"end":{"line":44,"column":1}}},"2":{"name":"toApplicationSummaryFromEntity","decl":{"start":{"line":46,"column":16},"end":{"line":46,"column":46}},"loc":{"start":{"line":47,"column":31},"end":{"line":65,"column":1}}},"3":{"name":"toApplicationSummary","decl":{"start":{"line":67,"column":16},"end":{"line":67,"column":36}},"loc":{"start":{"line":68,"column":31},"end":{"line":86,"column":1}}},"4":{"name":"toApplicationDetail","decl":{"start":{"line":88,"column":16},"end":{"line":88,"column":35}},"loc":{"start":{"line":90,"column":71},"end":{"line":124,"column":1}}},"5":{"name":"(anonymous_5)","decl":{"start":{"line":111,"column":33},"end":{"line":111,"column":34}},"loc":{"start":{"line":111,"column":40},"end":{"line":111,"column":70}}},"6":{"name":"toAdminApplicationSummary","decl":{"start":{"line":126,"column":16},"end":{"line":126,"column":41}},"loc":{"start":{"line":127,"column":31},"end":{"line":141,"column":1}}},"7":{"name":"(anonymous_7)","decl":{"start":{"line":129,"column":52},"end":{"line":129,"column":53}},"loc":{"start":{"line":129,"column":59},"end":{"line":129,"column":82}}},"8":{"name":"toDocumentDtoPublic","decl":{"start":{"line":143,"column":16},"end":{"line":143,"column":35}},"loc":{"start":{"line":145,"column":27},"end":{"line":148,"column":1}}},"9":{"name":"toTimelineEventDto","decl":{"start":{"line":150,"column":16},"end":{"line":150,"column":34}},"loc":{"start":{"line":151,"column":59},"end":{"line":154,"column":1}}}},"branchMap":{"0":{"loc":{"start":{"line":15,"column":20},"end":{"line":15,"column":67}},"type":"binary-expr","locations":[{"start":{"line":15,"column":20},"end":{"line":15,"column":38}},{"start":{"line":15,"column":42},"end":{"line":15,"column":67}}]},"1":{"loc":{"start":{"line":21,"column":11},"end":{"line":21,"column":39}},"type":"cond-expr","locations":[{"start":{"line":21,"column":23},"end":{"line":21,"column":27}},{"start":{"line":21,"column":30},"end":{"line":21,"column":39}}]},"2":{"loc":{"start":{"line":63,"column":26},"end":{"line":63,"column":56}},"type":"binary-expr","locations":[{"start":{"line":63,"column":26},"end":{"line":63,"column":48}},{"start":{"line":63,"column":52},"end":{"line":63,"column":56}}]},"3":{"loc":{"start":{"line":84,"column":26},"end":{"line":84,"column":56}},"type":"binary-expr","locations":[{"start":{"line":84,"column":26},"end":{"line":84,"column":48}},{"start":{"line":84,"column":52},"end":{"line":84,"column":56}}]},"4":{"loc":{"start":{"line":90,"column":2},"end":{"line":90,"column":71}},"type":"default-arg","locations":[{"start":{"line":90,"column":69},"end":{"line":90,"column":71}}]},"5":{"loc":{"start":{"line":92,"column":23},"end":{"line":92,"column":58}},"type":"binary-expr","locations":[{"start":{"line":92,"column":23},"end":{"line":92,"column":49}},{"start":{"line":92,"column":53},"end":{"line":92,"column":58}}]},"6":{"loc":{"start":{"line":113,"column":8},"end":{"line":122,"column":10}},"type":"cond-expr","locations":[{"start":{"line":114,"column":8},"end":{"line":121,"column":null}},{"start":{"line":122,"column":8},"end":{"line":122,"column":10}}]},"7":{"loc":{"start":{"line":113,"column":8},"end":{"line":113,"column":39}},"type":"binary-expr","locations":[{"start":{"line":113,"column":8},"end":{"line":113,"column":27}},{"start":{"line":113,"column":31},"end":{"line":113,"column":39}}]},"8":{"loc":{"start":{"line":145,"column":2},"end":{"line":145,"column":27}},"type":"default-arg","locations":[{"start":{"line":145,"column":22},"end":{"line":145,"column":27}}]}},"s":{"0":6,"1":6,"2":6,"3":6,"4":6,"5":6,"6":13,"7":13,"8":0,"9":0,"10":6,"11":6,"12":6,"13":6,"14":12,"15":0,"16":0,"17":0,"18":1,"19":0},"f":{"0":13,"1":0,"2":0,"3":6,"4":6,"5":12,"6":0,"7":0,"8":1,"9":0},"b":{"0":[13,13],"1":[13,0],"2":[0,0],"3":[6,5],"4":[3],"5":[6,3],"6":[3,3],"7":[6,3],"8":[1]}}
,"C:\\Users\\hyper\\Desktop\\SAFAT_APP_fixed\\backend\\src\\butcher-applications\\notifications.ts": {"path":"C:\\Users\\hyper\\Desktop\\SAFAT_APP_fixed\\backend\\src\\butcher-applications\\notifications.ts","statementMap":{"0":{"start":{"line":21,"column":0},"end":{"line":21,"column":7}},"1":{"start":{"line":41,"column":0},"end":{"line":41,"column":7}},"2":{"start":{"line":58,"column":0},"end":{"line":58,"column":7}},"3":{"start":{"line":99,"column":0},"end":{"line":99,"column":7}},"4":{"start":{"line":118,"column":0},"end":{"line":118,"column":7}},"5":{"start":{"line":136,"column":0},"end":{"line":136,"column":7}},"6":{"start":{"line":3,"column":0},"end":{"line":3,"column":62}},"7":{"start":{"line":4,"column":0},"end":{"line":4,"column":76}},"8":{"start":{"line":7,"column":20},"end":{"line":7,"column":28}},"9":{"start":{"line":10,"column":2},"end":{"line":10,"column":45}},"10":{"start":{"line":14,"column":2},"end":{"line":17,"column":4}},"11":{"start":{"line":25,"column":19},"end":{"line":25,"column":46}},"12":{"start":{"line":26,"column":2},"end":{"line":37,"column":5}},"13":{"start":{"line":45,"column":2},"end":{"line":54,"column":5}},"14":{"start":{"line":63,"column":34},"end":{"line":63,"column":41}},"15":{"start":{"line":65,"column":33},"end":{"line":76,"column":4}},"16":{"start":{"line":78,"column":2},"end":{"line":93,"column":3}},"17":{"start":{"line":79,"column":4},"end":{"line":92,"column":6}},"18":{"start":{"line":81,"column":8},"end":{"line":90,"column":10}},"19":{"start":{"line":95,"column":2},"end":{"line":95,"column":34}},"20":{"start":{"line":104,"column":2},"end":{"line":114,"column":5}},"21":{"start":{"line":122,"column":2},"end":{"line":132,"column":5}},"22":{"start":{"line":140,"column":2},"end":{"line":143,"column":5}}},"fnMap":{"0":{"name":"shopLabel","decl":{"start":{"line":9,"column":9},"end":{"line":9,"column":18}},"loc":{"start":{"line":9,"column":44},"end":{"line":11,"column":1}}},"1":{"name":"baseApplicationData","decl":{"start":{"line":13,"column":9},"end":{"line":13,"column":28}},"loc":{"start":{"line":13,"column":54},"end":{"line":18,"column":1}}},"2":{"name":"notifyApplicationSubmitted","decl":{"start":{"line":21,"column":22},"end":{"line":21,"column":48}},"loc":{"start":{"line":23,"column":25},"end":{"line":38,"column":1}}},"3":{"name":"notifyApplicationReceived","decl":{"start":{"line":41,"column":22},"end":{"line":41,"column":47}},"loc":{"start":{"line":43,"column":25},"end":{"line":55,"column":1}}},"4":{"name":"notifyApplicationWithdrawn","decl":{"start":{"line":58,"column":22},"end":{"line":58,"column":48}},"loc":{"start":{"line":61,"column":42},"end":{"line":96,"column":1}}},"5":{"name":"(anonymous_5)","decl":{"start":{"line":80,"column":33},"end":{"line":80,"column":34}},"loc":{"start":{"line":81,"column":8},"end":{"line":90,"column":10}}},"6":{"name":"notifyApplicationApproved","decl":{"start":{"line":99,"column":22},"end":{"line":99,"column":47}},"loc":{"start":{"line":102,"column":19},"end":{"line":115,"column":1}}},"7":{"name":"notifyApplicationRejected","decl":{"start":{"line":118,"column":22},"end":{"line":118,"column":47}},"loc":{"start":{"line":120,"column":25},"end":{"line":133,"column":1}}},"8":{"name":"notifyAfterApplicationSubmit","decl":{"start":{"line":136,"column":22},"end":{"line":136,"column":50}},"loc":{"start":{"line":138,"column":25},"end":{"line":144,"column":1}}}},"branchMap":{"0":{"loc":{"start":{"line":10,"column":9},"end":{"line":10,"column":44}},"type":"binary-expr","locations":[{"start":{"line":10,"column":9},"end":{"line":10,"column":19}},{"start":{"line":10,"column":23},"end":{"line":10,"column":33}},{"start":{"line":10,"column":37},"end":{"line":10,"column":44}}]},"1":{"loc":{"start":{"line":34,"column":15},"end":{"line":34,"column":31}},"type":"binary-expr","locations":[{"start":{"line":34,"column":15},"end":{"line":34,"column":25}},{"start":{"line":34,"column":29},"end":{"line":34,"column":31}}]},"2":{"loc":{"start":{"line":35,"column":15},"end":{"line":35,"column":32}},"type":"binary-expr","locations":[{"start":{"line":35,"column":15},"end":{"line":35,"column":26}},{"start":{"line":35,"column":30},"end":{"line":35,"column":32}}]},"3":{"loc":{"start":{"line":61,"column":2},"end":{"line":61,"column":42}},"type":"default-arg","locations":[{"start":{"line":61,"column":40},"end":{"line":61,"column":42}}]},"4":{"loc":{"start":{"line":63,"column":10},"end":{"line":63,"column":29}},"type":"default-arg","locations":[{"start":{"line":63,"column":25},"end":{"line":63,"column":29}}]},"5":{"loc":{"start":{"line":78,"column":2},"end":{"line":93,"column":3}},"type":"if","locations":[{"start":{"line":78,"column":2},"end":{"line":93,"column":3}}]},"6":{"loc":{"start":{"line":130,"column":24},"end":{"line":130,"column":49}},"type":"binary-expr","locations":[{"start":{"line":130,"column":24},"end":{"line":130,"column":43}},{"start":{"line":130,"column":47},"end":{"line":130,"column":49}}]}},"s":{"0":5,"1":5,"2":5,"3":5,"4":5,"5":5,"6":5,"7":5,"8":5,"9":2,"10":3,"11":2,"12":2,"13":1,"14":0,"15":0,"16":0,"17":0,"18":0,"19":0,"20":0,"21":0,"22":1},"f":{"0":2,"1":3,"2":2,"3":1,"4":0,"5":0,"6":0,"7":0,"8":1},"b":{"0":[2,0,0],"1":[2,0],"2":[2,0],"3":[0],"4":[0],"5":[0],"6":[0,0]}}
,"C:\\Users\\hyper\\Desktop\\SAFAT_APP_fixed\\backend\\src\\butcher-applications\\__tests__\\helpers\\testUtils.ts": {"path":"C:\\Users\\hyper\\Desktop\\SAFAT_APP_fixed\\backend\\src\\butcher-applications\\__tests__\\helpers\\testUtils.ts","statementMap":{"0":{"start":{"line":10,"column":0},"end":{"line":10,"column":16}},"1":{"start":{"line":14,"column":0},"end":{"line":14,"column":16}},"2":{"start":{"line":26,"column":0},"end":{"line":26,"column":16}},"3":{"start":{"line":51,"column":0},"end":{"line":51,"column":16}},"4":{"start":{"line":4,"column":13},"end":{"line":4,"column":67}},"5":{"start":{"line":5,"column":13},"end":{"line":5,"column":68}},"6":{"start":{"line":6,"column":13},"end":{"line":6,"column":73}},"7":{"start":{"line":7,"column":13},"end":{"line":7,"column":66}},"8":{"start":{"line":8,"column":13},"end":{"line":8,"column":66}},"9":{"start":{"line":11,"column":2},"end":{"line":11,"column":46}},"10":{"start":{"line":17,"column":2},"end":{"line":23,"column":46}},"11":{"start":{"line":30,"column":14},"end":{"line":33,"column":61}},"12":{"start":{"line":35,"column":2},"end":{"line":38,"column":34}},"13":{"start":{"line":36,"column":4},"end":{"line":36,"column":23}},"14":{"start":{"line":37,"column":4},"end":{"line":37,"column":15}},"15":{"start":{"line":40,"column":2},"end":{"line":43,"column":32}},"16":{"start":{"line":41,"column":4},"end":{"line":41,"column":21}},"17":{"start":{"line":42,"column":4},"end":{"line":42,"column":15}},"18":{"start":{"line":45,"column":2},"end":{"line":45,"column":57}},"19":{"start":{"line":45,"column":26},"end":{"line":45,"column":29}},"20":{"start":{"line":46,"column":2},"end":{"line":46,"column":60}},"21":{"start":{"line":48,"column":2},"end":{"line":48,"column":13}},"22":{"start":{"line":52,"column":2},"end":{"line":52,"column":24}}},"fnMap":{"0":{"name":"userPayload","decl":{"start":{"line":10,"column":16},"end":{"line":10,"column":27}},"loc":{"start":{"line":10,"column":84},"end":{"line":12,"column":1}}},"1":{"name":"createMockReq","decl":{"start":{"line":14,"column":16},"end":{"line":14,"column":29}},"loc":{"start":{"line":15,"column":65},"end":{"line":24,"column":1}}},"2":{"name":"createMockRes","decl":{"start":{"line":26,"column":16},"end":{"line":26,"column":29}},"loc":{"start":{"line":26,"column":29},"end":{"line":49,"column":1}}},"3":{"name":"(anonymous_3)","decl":{"start":{"line":35,"column":23},"end":{"line":35,"column":24}},"loc":{"start":{"line":35,"column":40},"end":{"line":38,"column":3}}},"4":{"name":"(anonymous_4)","decl":{"start":{"line":40,"column":21},"end":{"line":40,"column":22}},"loc":{"start":{"line":40,"column":39},"end":{"line":43,"column":3}}},"5":{"name":"(anonymous_5)","decl":{"start":{"line":45,"column":20},"end":{"line":45,"column":23}},"loc":{"start":{"line":45,"column":26},"end":{"line":45,"column":29}}},"6":{"name":"getResponseBody","decl":{"start":{"line":51,"column":16},"end":{"line":51,"column":31}},"loc":{"start":{"line":51,"column":98},"end":{"line":53,"column":1}}}},"branchMap":{"0":{"loc":{"start":{"line":10,"column":28},"end":{"line":10,"column":49}},"type":"default-arg","locations":[{"start":{"line":10,"column":37},"end":{"line":10,"column":49}}]},"1":{"loc":{"start":{"line":10,"column":51},"end":{"line":10,"column":84}},"type":"default-arg","locations":[{"start":{"line":10,"column":78},"end":{"line":10,"column":84}}]},"2":{"loc":{"start":{"line":15,"column":2},"end":{"line":15,"column":65}},"type":"default-arg","locations":[{"start":{"line":15,"column":63},"end":{"line":15,"column":65}}]}},"s":{"0":9,"1":9,"2":9,"3":9,"4":9,"5":9,"6":9,"7":9,"8":9,"9":19,"10":22,"11":21,"12":21,"13":21,"14":21,"15":21,"16":20,"17":20,"18":21,"19":1,"20":21,"21":21,"22":13},"f":{"0":19,"1":22,"2":21,"3":21,"4":20,"5":1,"6":13},"b":{"0":[14],"1":[14],"2":[1]}}
,"C:\\Users\\hyper\\Desktop\\SAFAT_APP_fixed\\backend\\src\\butcher-applications\\helpers\\httpError.ts": {"path":"C:\\Users\\hyper\\Desktop\\SAFAT_APP_fixed\\backend\\src\\butcher-applications\\helpers\\httpError.ts","statementMap":{"0":{"start":{"line":10,"column":0},"end":{"line":10,"column":16}},"1":{"start":{"line":2,"column":0},"end":{"line":2,"column":45}},"2":{"start":{"line":3,"column":0},"end":{"line":3,"column":38}},"3":{"start":{"line":4,"column":0},"end":{"line":4,"column":79}},"4":{"start":{"line":11,"column":2},"end":{"line":14,"column":3}},"5":{"start":{"line":12,"column":4},"end":{"line":12,"column":72}},"6":{"start":{"line":13,"column":4},"end":{"line":13,"column":11}},"7":{"start":{"line":16,"column":2},"end":{"line":16,"column":63}},"8":{"start":{"line":17,"column":2},"end":{"line":17,"column":54}}},"fnMap":{"0":{"name":"handleButcherApplicationError","decl":{"start":{"line":10,"column":16},"end":{"line":10,"column":45}},"loc":{"start":{"line":10,"column":80},"end":{"line":18,"column":1}}}},"branchMap":{"0":{"loc":{"start":{"line":11,"column":2},"end":{"line":14,"column":3}},"type":"if","locations":[{"start":{"line":11,"column":2},"end":{"line":14,"column":3}}]}},"s":{"0":2,"1":2,"2":2,"3":2,"4":4,"5":3,"6":3,"7":1,"8":1},"f":{"0":4},"b":{"0":[3]}}
,"C:\\Users\\hyper\\Desktop\\SAFAT_APP_fixed\\backend\\src\\butcher-applications\\helpers\\snapshotValidation.ts": {"path":"C:\\Users\\hyper\\Desktop\\SAFAT_APP_fixed\\backend\\src\\butcher-applications\\helpers\\snapshotValidation.ts","statementMap":{"0":{"start":{"line":26,"column":0},"end":{"line":26,"column":16}},"1":{"start":{"line":39,"column":0},"end":{"line":39,"column":16}},"2":{"start":{"line":75,"column":0},"end":{"line":75,"column":16}},"3":{"start":{"line":87,"column":0},"end":{"line":87,"column":16}},"4":{"start":{"line":92,"column":0},"end":{"line":92,"column":16}},"5":{"start":{"line":1,"column":0},"end":{"line":1,"column":24}},"6":{"start":{"line":3,"column":0},"end":{"line":3,"column":43}},"7":{"start":{"line":4,"column":0},"end":{"line":4,"column":9}},"8":{"start":{"line":8,"column":9},"end":{"line":4,"column":54}},"9":{"start":{"line":5,"column":0},"end":{"line":5,"column":52}},"10":{"start":{"line":27,"column":2},"end":{"line":32,"column":3}},"11":{"start":{"line":28,"column":4},"end":{"line":31,"column":7}},"12":{"start":{"line":40,"column":41},"end":{"line":40,"column":43}},"13":{"start":{"line":42,"column":2},"end":{"line":48,"column":3}},"14":{"start":{"line":43,"column":4},"end":{"line":47,"column":5}},"15":{"start":{"line":44,"column":6},"end":{"line":44,"column":50}},"16":{"start":{"line":46,"column":6},"end":{"line":46,"column":31}},"17":{"start":{"line":50,"column":2},"end":{"line":56,"column":3}},"18":{"start":{"line":51,"column":4},"end":{"line":55,"column":5}},"19":{"start":{"line":52,"column":6},"end":{"line":52,"column":52}},"20":{"start":{"line":54,"column":6},"end":{"line":54,"column":32}},"21":{"start":{"line":58,"column":2},"end":{"line":64,"column":3}},"22":{"start":{"line":63,"column":4},"end":{"line":63,"column":30}},"23":{"start":{"line":66,"column":2},"end":{"line":66,"column":90}},"24":{"start":{"line":66,"column":70},"end":{"line":66,"column":90}},"25":{"start":{"line":67,"column":2},"end":{"line":67,"column":92}},"26":{"start":{"line":67,"column":72},"end":{"line":67,"column":92}},"27":{"start":{"line":69,"column":2},"end":{"line":71,"column":3}},"28":{"start":{"line":70,"column":4},"end":{"line":70,"column":77}},"29":{"start":{"line":79,"column":2},"end":{"line":79,"column":40}},"30":{"start":{"line":80,"column":2},"end":{"line":80,"column":42}},"31":{"start":{"line":82,"column":2},"end":{"line":84,"column":3}},"32":{"start":{"line":83,"column":4},"end":{"line":83,"column":92}},"33":{"start":{"line":88,"column":2},"end":{"line":88,"column":68}},"34":{"start":{"line":96,"column":2},"end":{"line":106,"column":3}},"35":{"start":{"line":101,"column":4},"end":{"line":105,"column":7}}},"fnMap":{"0":{"name":"(anonymous_0)","decl":{"start":{"line":8,"column":9},"end":{"line":8,"column":28}},"loc":{"start":{"line":8,"column":9},"end":{"line":4,"column":54}}},"1":{"name":"assertValidHhMm","decl":{"start":{"line":26,"column":16},"end":{"line":26,"column":31}},"loc":{"start":{"line":26,"column":78},"end":{"line":33,"column":1}}},"2":{"name":"validateSnapshotFormat","decl":{"start":{"line":39,"column":16},"end":{"line":39,"column":38}},"loc":{"start":{"line":39,"column":70},"end":{"line":72,"column":1}}},"3":{"name":"validatePersistedSnapshotTimes","decl":{"start":{"line":75,"column":16},"end":{"line":75,"column":46}},"loc":{"start":{"line":77,"column":19},"end":{"line":85,"column":1}}},"4":{"name":"isSupportedCountry","decl":{"start":{"line":87,"column":16},"end":{"line":87,"column":34}},"loc":{"start":{"line":87,"column":48},"end":{"line":89,"column":1}}},"5":{"name":"addSnapshotCrossFieldIssues","decl":{"start":{"line":92,"column":16},"end":{"line":92,"column":43}},"loc":{"start":{"line":94,"column":22},"end":{"line":107,"column":1}}}},"branchMap":{"0":{"loc":{"start":{"line":27,"column":2},"end":{"line":32,"column":3}},"type":"if","locations":[{"start":{"line":27,"column":2},"end":{"line":32,"column":3}}]},"1":{"loc":{"start":{"line":42,"column":2},"end":{"line":48,"column":3}},"type":"if","locations":[{"start":{"line":42,"column":2},"end":{"line":48,"column":3}}]},"2":{"loc":{"start":{"line":50,"column":2},"end":{"line":56,"column":3}},"type":"if","locations":[{"start":{"line":50,"column":2},"end":{"line":56,"column":3}}]},"3":{"loc":{"start":{"line":58,"column":2},"end":{"line":64,"column":3}},"type":"if","locations":[{"start":{"line":58,"column":2},"end":{"line":64,"column":3}}]},"4":{"loc":{"start":{"line":59,"column":4},"end":{"line":61,"column":38}},"type":"binary-expr","locations":[{"start":{"line":59,"column":4},"end":{"line":59,"column":32}},{"start":{"line":60,"column":4},"end":{"line":60,"column":33}},{"start":{"line":61,"column":4},"end":{"line":61,"column":38}}]},"5":{"loc":{"start":{"line":66,"column":2},"end":{"line":66,"column":90}},"type":"if","locations":[{"start":{"line":66,"column":2},"end":{"line":66,"column":90}}]},"6":{"loc":{"start":{"line":66,"column":6},"end":{"line":66,"column":68}},"type":"binary-expr","locations":[{"start":{"line":66,"column":6},"end":{"line":66,"column":29}},{"start":{"line":66,"column":34},"end":{"line":66,"column":49}},{"start":{"line":66,"column":53},"end":{"line":66,"column":67}}]},"7":{"loc":{"start":{"line":67,"column":2},"end":{"line":67,"column":92}},"type":"if","locations":[{"start":{"line":67,"column":2},"end":{"line":67,"column":92}}]},"8":{"loc":{"start":{"line":67,"column":6},"end":{"line":67,"column":70}},"type":"binary-expr","locations":[{"start":{"line":67,"column":6},"end":{"line":67,"column":29}},{"start":{"line":67,"column":34},"end":{"line":67,"column":50}},{"start":{"line":67,"column":54},"end":{"line":67,"column":69}}]},"9":{"loc":{"start":{"line":69,"column":2},"end":{"line":71,"column":3}},"type":"if","locations":[{"start":{"line":69,"column":2},"end":{"line":71,"column":3}}]},"10":{"loc":{"start":{"line":82,"column":2},"end":{"line":84,"column":3}},"type":"if","locations":[{"start":{"line":82,"column":2},"end":{"line":84,"column":3}}]},"11":{"loc":{"start":{"line":96,"column":2},"end":{"line":106,"column":3}},"type":"if","locations":[{"start":{"line":96,"column":2},"end":{"line":106,"column":3}}]},"12":{"loc":{"start":{"line":97,"column":4},"end":{"line":99,"column":36}},"type":"binary-expr","locations":[{"start":{"line":97,"column":4},"end":{"line":97,"column":31}},{"start":{"line":98,"column":4},"end":{"line":98,"column":32}},{"start":{"line":99,"column":4},"end":{"line":99,"column":36}}]}},"s":{"0":11,"1":11,"2":11,"3":11,"4":11,"5":11,"6":11,"7":11,"8":11,"9":11,"10":14,"11":2,"12":5,"13":5,"14":2,"15":2,"16":0,"17":5,"18":2,"19":2,"20":0,"21":5,"22":1,"23":5,"24":0,"25":5,"26":0,"27":5,"28":1,"29":3,"30":3,"31":3,"32":1,"33":2,"34":8,"35":2},"f":{"0":0,"1":14,"2":5,"3":3,"4":2,"5":8},"b":{"0":[2],"1":[2],"2":[2],"3":[1],"4":[5,2,2],"5":[0],"6":[5,0,0],"7":[0],"8":[5,0,0],"9":[1],"10":[1],"11":[2],"12":[8,3,3]}}
,"C:\\Users\\hyper\\Desktop\\SAFAT_APP_fixed\\backend\\src\\butcher-applications\\helpers\\stateTransitions.ts": {"path":"C:\\Users\\hyper\\Desktop\\SAFAT_APP_fixed\\backend\\src\\butcher-applications\\helpers\\stateTransitions.ts","statementMap":{"0":{"start":{"line":21,"column":0},"end":{"line":21,"column":16}},"1":{"start":{"line":31,"column":0},"end":{"line":31,"column":16}},"2":{"start":{"line":71,"column":0},"end":{"line":71,"column":16}},"3":{"start":{"line":82,"column":0},"end":{"line":82,"column":16}},"4":{"start":{"line":2,"column":0},"end":{"line":2,"column":52}},"5":{"start":{"line":4,"column":90},"end":{"line":10,"column":2}},"6":{"start":{"line":14,"column":4},"end":{"line":19,"column":2}},"7":{"start":{"line":25,"column":2},"end":{"line":25,"column":58}},"8":{"start":{"line":35,"column":2},"end":{"line":48,"column":3}},"9":{"start":{"line":36,"column":4},"end":{"line":47,"column":5}},"10":{"start":{"line":38,"column":8},"end":{"line":38,"column":75}},"11":{"start":{"line":40,"column":8},"end":{"line":40,"column":74}},"12":{"start":{"line":42,"column":8},"end":{"line":42,"column":74}},"13":{"start":{"line":44,"column":8},"end":{"line":44,"column":75}},"14":{"start":{"line":46,"column":8},"end":{"line":46,"column":85}},"15":{"start":{"line":50,"column":2},"end":{"line":50,"column":38}},"16":{"start":{"line":50,"column":31},"end":{"line":50,"column":38}},"17":{"start":{"line":52,"column":2},"end":{"line":54,"column":3}},"18":{"start":{"line":53,"column":4},"end":{"line":53,"column":70}},"19":{"start":{"line":55,"column":2},"end":{"line":57,"column":3}},"20":{"start":{"line":56,"column":4},"end":{"line":56,"column":70}},"21":{"start":{"line":58,"column":2},"end":{"line":60,"column":3}},"22":{"start":{"line":59,"column":4},"end":{"line":59,"column":71}},"23":{"start":{"line":61,"column":2},"end":{"line":63,"column":3}},"24":{"start":{"line":62,"column":4},"end":{"line":62,"column":71}},"25":{"start":{"line":64,"column":2},"end":{"line":66,"column":3}},"26":{"start":{"line":65,"column":4},"end":{"line":65,"column":71}},"27":{"start":{"line":68,"column":2},"end":{"line":68,"column":79}},"28":{"start":{"line":74,"column":17},"end":{"line":74,"column":47}},"29":{"start":{"line":75,"column":2},"end":{"line":77,"column":3}},"30":{"start":{"line":76,"column":4},"end":{"line":76,"column":75}},"31":{"start":{"line":78,"column":2},"end":{"line":78,"column":16}},"32":{"start":{"line":83,"column":2},"end":{"line":85,"column":3}},"33":{"start":{"line":84,"column":4},"end":{"line":84,"column":66}}},"fnMap":{"0":{"name":"canTransition","decl":{"start":{"line":21,"column":16},"end":{"line":21,"column":29}},"loc":{"start":{"line":23,"column":30},"end":{"line":26,"column":1}}},"1":{"name":"assertTransition","decl":{"start":{"line":31,"column":16},"end":{"line":31,"column":32}},"loc":{"start":{"line":33,"column":30},"end":{"line":69,"column":1}}},"2":{"name":"timelineActionForTransition","decl":{"start":{"line":71,"column":16},"end":{"line":71,"column":43}},"loc":{"start":{"line":72,"column":30},"end":{"line":79,"column":1}}},"3":{"name":"assertEditableStatus","decl":{"start":{"line":82,"column":16},"end":{"line":82,"column":36}},"loc":{"start":{"line":82,"column":69},"end":{"line":86,"column":1}}}},"branchMap":{"0":{"loc":{"start":{"line":25,"column":9},"end":{"line":25,"column":57}},"type":"binary-expr","locations":[{"start":{"line":25,"column":9},"end":{"line":25,"column":48}},{"start":{"line":25,"column":52},"end":{"line":25,"column":57}}]},"1":{"loc":{"start":{"line":35,"column":2},"end":{"line":48,"column":3}},"type":"if","locations":[{"start":{"line":35,"column":2},"end":{"line":48,"column":3}}]},"2":{"loc":{"start":{"line":36,"column":4},"end":{"line":47,"column":5}},"type":"switch","locations":[{"start":{"line":37,"column":6},"end":{"line":38,"column":75}},{"start":{"line":39,"column":6},"end":{"line":40,"column":74}},{"start":{"line":41,"column":6},"end":{"line":42,"column":74}},{"start":{"line":43,"column":6},"end":{"line":44,"column":75}},{"start":{"line":45,"column":6},"end":{"line":46,"column":85}}]},"3":{"loc":{"start":{"line":50,"column":2},"end":{"line":50,"column":38}},"type":"if","locations":[{"start":{"line":50,"column":2},"end":{"line":50,"column":38}}]},"4":{"loc":{"start":{"line":52,"column":2},"end":{"line":54,"column":3}},"type":"if","locations":[{"start":{"line":52,"column":2},"end":{"line":54,"column":3}}]},"5":{"loc":{"start":{"line":55,"column":2},"end":{"line":57,"column":3}},"type":"if","locations":[{"start":{"line":55,"column":2},"end":{"line":57,"column":3}}]},"6":{"loc":{"start":{"line":58,"column":2},"end":{"line":60,"column":3}},"type":"if","locations":[{"start":{"line":58,"column":2},"end":{"line":60,"column":3}}]},"7":{"loc":{"start":{"line":61,"column":2},"end":{"line":63,"column":3}},"type":"if","locations":[{"start":{"line":61,"column":2},"end":{"line":63,"column":3}}]},"8":{"loc":{"start":{"line":61,"column":6},"end":{"line":61,"column":48}},"type":"binary-expr","locations":[{"start":{"line":61,"column":6},"end":{"line":61,"column":26}},{"start":{"line":61,"column":30},"end":{"line":61,"column":48}}]},"9":{"loc":{"start":{"line":64,"column":2},"end":{"line":66,"column":3}},"type":"if","locations":[{"start":{"line":64,"column":2},"end":{"line":66,"column":3}}]},"10":{"loc":{"start":{"line":64,"column":6},"end":{"line":64,"column":44}},"type":"binary-expr","locations":[{"start":{"line":64,"column":6},"end":{"line":64,"column":22}},{"start":{"line":64,"column":26},"end":{"line":64,"column":44}}]},"11":{"loc":{"start":{"line":75,"column":2},"end":{"line":77,"column":3}},"type":"if","locations":[{"start":{"line":75,"column":2},"end":{"line":77,"column":3}}]},"12":{"loc":{"start":{"line":83,"column":2},"end":{"line":85,"column":3}},"type":"if","locations":[{"start":{"line":83,"column":2},"end":{"line":85,"column":3}}]}},"s":{"0":7,"1":7,"2":7,"3":7,"4":7,"5":7,"6":7,"7":16,"8":11,"9":2,"10":2,"11":0,"12":0,"13":0,"14":0,"15":9,"16":4,"17":5,"18":4,"19":1,"20":0,"21":1,"22":0,"23":1,"24":0,"25":1,"26":0,"27":1,"28":8,"29":8,"30":0,"31":8,"32":9,"33":4},"f":{"0":16,"1":11,"2":8,"3":9},"b":{"0":[16,0],"1":[2],"2":[2,0,0,0,0],"3":[4],"4":[4],"5":[0],"6":[0],"7":[0],"8":[1,0],"9":[0],"10":[1,0],"11":[0],"12":[4]}}
[...]
7},"end":{"line":183,"column":1}}},"17":{"name":"sessionDel","decl":{"start":{"line":185,"column":22},"end":{"line":185,"column":32}},"loc":{"start":{"line":185,"column":50},"end":{"line":192,"column":1}}},"18":{"name":"(anonymous_19)","decl":{"start":{"line":196,"column":13},"end":{"line":196,"column":14}},"loc":{"start":{"line":196,"column":50},"end":{"line":196,"column":62}}},"19":{"name":"(anonymous_20)","decl":{"start":{"line":197,"column":13},"end":{"line":197,"column":14}},"loc":{"start":{"line":197,"column":50},"end":{"line":197,"column":65}}},"20":{"name":"(anonymous_21)","decl":{"start":{"line":198,"column":13},"end":{"line":198,"column":14}},"loc":{"start":{"line":198,"column":50},"end":{"line":198,"column":79}}},"21":{"name":"(anonymous_22)","decl":{"start":{"line":199,"column":13},"end":{"line":199,"column":14}},"loc":{"start":{"line":199,"column":50},"end":{"line":199,"column":62}}},"22":{"name":"(anonymous_23)","decl":{"start":{"line":200,"column":13},"end":{"line":200,"column":14}},"loc":{"start":{"line":200,"column":50},"end":{"line":200,"column":65}}},"23":{"name":"(anonymous_24)","decl":{"start":{"line":201,"column":13},"end":{"line":201,"column":14}},"loc":{"start":{"line":201,"column":50},"end":{"line":201,"column":65}}},"24":{"name":"(anonymous_25)","decl":{"start":{"line":202,"column":13},"end":{"line":202,"column":14}},"loc":{"start":{"line":202,"column":50},"end":{"line":202,"column":79}}},"25":{"name":"(anonymous_26)","decl":{"start":{"line":203,"column":13},"end":{"line":203,"column":14}},"loc":{"start":{"line":203,"column":50},"end":{"line":203,"column":74}}},"26":{"name":"(anonymous_27)","decl":{"start":{"line":204,"column":15},"end":{"line":204,"column":47}},"loc":{"start":{"line":204,"column":50},"end":{"line":204,"column":64}}}},"branchMap":{"0":{"loc":{"start":{"line":16,"column":2},"end":{"line":16,"column":58}},"type":"if","locations":[{"start":{"line":16,"column":2},"end":{"line":16,"column":58}}]},"1":{"loc":{"start":{"line":17,"column":2},"end":{"line":17,"column":53}},"type":"if","locations":[{"start":{"line":17,"column":2},"end":{"line":17,"column":53}}]},"2":{"loc":{"start":{"line":17,"column":6},"end":{"line":17,"column":38}},"type":"binary-expr","locations":[{"start":{"line":17,"column":6},"end":{"line":17,"column":28}},{"start":{"line":17,"column":32},"end":{"line":17,"column":38}}]},"3":{"loc":{"start":{"line":22,"column":2},"end":{"line":22,"column":63}},"type":"if","locations":[{"start":{"line":22,"column":2},"end":{"line":22,"column":63}}]},"4":{"loc":{"start":{"line":22,"column":6},"end":{"line":22,"column":54}},"type":"binary-expr","locations":[{"start":{"line":22,"column":6},"end":{"line":22,"column":13}},{"start":{"line":22,"column":17},"end":{"line":22,"column":54}}]},"5":{"loc":{"start":{"line":24,"column":2},"end":{"line":30,"column":3}},"type":"if","locations":[{"start":{"line":24,"column":2},"end":{"line":30,"column":3}}]},"6":{"loc":{"start":{"line":27,"column":13},"end":{"line":27,"column":61}},"type":"cond-expr","locations":[{"start":{"line":27,"column":36},"end":{"line":27,"column":47}},{"start":{"line":27,"column":50},"end":{"line":27,"column":61}}]},"7":{"loc":{"start":{"line":34,"column":24},"end":{"line":34,"column":61}},"type":"binary-expr","locations":[{"start":{"line":34,"column":24},"end":{"line":34,"column":46}},{"start":{"line":34,"column":50},"end":{"line":34,"column":61}}]},"8":{"loc":{"start":{"line":35,"column":33},"end":{"line":35,"column":65}},"type":"binary-expr","locations":[{"start":{"line":35,"column":33},"end":{"line":35,"column":55}},{"start":{"line":35,"column":59},"end":{"line":35,"column":65}}]},"9":{"loc":{"start":{"line":36,"column":24},"end":{"line":36,"column":63}},"type":"binary-expr","locations":[{"start":{"line":36,"column":24},"end":{"line":36,"column":50}},{"start":{"line":36,"column":54},"end":{"line":36,"column":63}}]},"10":{"loc":{"start":{"line":43,"column":4},"end":{"line":43,"column":31}},"type":"if","locations":[{"start":{"line":43,"column":4},"end":{"line":43,"column":31}}]},"11":{"loc":{"start":{"line":55,"column":4},"end":{"line":58,"column":5}},"type":"if","locations":[{"start":{"line":55,"column":4},"end":{"line":58,"column":5}}]},"12":{"loc":{"start":{"line":65,"column":4},"end":{"line":68,"column":5}},"type":"if","locations":[{"start":{"line":65,"column":4},"end":{"line":68,"column":5}}]},"13":{"loc":{"start":{"line":74,"column":2},"end":{"line":76,"column":3}},"type":"if","locations":[{"start":{"line":74,"column":2},"end":{"line":76,"column":3}}]},"14":{"loc":{"start":{"line":77,"column":2},"end":{"line":81,"column":3}},"type":"if","locations":[{"start":{"line":77,"column":2},"end":{"line":81,"column":3}}]},"15":{"loc":{"start":{"line":86,"column":2},"end":{"line":88,"column":3}},"type":"if","locations":[{"start":{"line":86,"column":2},"end":{"line":88,"column":3}}]},"16":{"loc":{"start":{"line":89,"column":2},"end":{"line":92,"column":3}},"type":"if","locations":[{"start":{"line":89,"column":2},"end":{"line":92,"column":3}}]},"17":{"loc":{"start":{"line":101,"column":2},"end":{"line":101,"column":37}},"type":"if","locations":[{"start":{"line":101,"column":2},"end":{"line":101,"column":37}}]},"18":{"loc":{"start":{"line":104,"column":11},"end":{"line":104,"column":46}},"type":"cond-expr","locations":[{"start":{"line":104,"column":18},"end":{"line":104,"column":39}},{"start":{"line":104,"column":42},"end":{"line":104,"column":46}}]},"19":{"loc":{"start":{"line":111,"column":60},"end":{"line":111,"column":77}},"type":"default-arg","locations":[{"start":{"line":111,"column":66},"end":{"line":111,"column":77}}]},"20":{"loc":{"start":{"line":112,"column":2},"end":{"line":112,"column":32}},"type":"if","locations":[{"start":{"line":112,"column":2},"end":{"line":112,"column":32}}]},"21":{"loc":{"start":{"line":121,"column":2},"end":{"line":121,"column":48}},"type":"if","locations":[{"start":{"line":121,"column":2},"end":{"line":121,"column":48}}]},"22":{"loc":{"start":{"line":121,"column":6},"end":{"line":121,"column":39}},"type":"binary-expr","locations":[{"start":{"line":121,"column":6},"end":{"line":121,"column":18}},{"start":{"line":121,"column":22},"end":{"line":121,"column":39}}]},"23":{"loc":{"start":{"line":132,"column":2},"end":{"line":132,"column":19}},"type":"default-arg","locations":[{"start":{"line":132,"column":8},"end":{"line":132,"column":19}}]},"24":{"loc":{"start":{"line":135,"column":2},"end":{"line":135,"column":37}},"type":"if","locations":[{"start":{"line":135,"column":2},"end":{"line":135,"column":37}}]},"25":{"loc":{"start":{"line":142,"column":2},"end":{"line":142,"column":34}},"type":"if","locations":[{"start":{"line":142,"column":2},"end":{"line":142,"column":34}}]},"26":{"loc":{"start":{"line":150,"column":6},"end":{"line":153,"column":7}},"type":"if","locations":[{"start":{"line":150,"column":6},"end":{"line":153,"column":7}}]},"27":{"loc":{"start":{"line":165,"column":2},"end":{"line":165,"column":32}},"type":"if","locations":[{"start":{"line":165,"column":2},"end":{"line":165,"column":32}}]},"28":{"loc":{"start":{"line":170,"column":4},"end":{"line":170,"column":27}},"type":"if","locations":[{"start":{"line":170,"column":4},"end":{"line":170,"column":27}}]},"29":{"loc":{"start":{"line":175,"column":2},"end":{"line":175,"column":37}},"type":"if","locations":[{"start":{"line":175,"column":2},"end":{"line":175,"column":37}}]},"30":{"loc":{"start":{"line":178,"column":11},"end":{"line":178,"column":46}},"type":"cond-expr","locations":[{"start":{"line":178,"column":18},"end":{"line":178,"column":39}},{"start":{"line":178,"column":42},"end":{"line":178,"column":46}}]},"31":{"loc":{"start":{"line":186,"column":2},"end":{"line":186,"column":48}},"type":"if","locations":[{"start":{"line":186,"column":2},"end":{"line":186,"column":48}}]},"32":{"loc":{"start":{"line":186,"column":6},"end":{"line":186,"column":39}},"type":"binary-expr","locations":[{"start":{"line":186,"column":6},"end":{"line":186,"column":18}},{"start":{"line":186,"column":22},"end":{"line":186,"column":39}}]}},"s":{"0":7,"1":7,"2":7,"3":7,"4":7,"5":7,"6":7,"7":7,"8":7,"9":7,"10":7,"11":7,"12":7,"13":7,"14":7,"15":7,"16":0,"17":0,"18":0,"19":0,"20":0,"21":0,"22":0,"23":0,"24":0,"25":0,"26":0,"27":7,"28":0,"29":0,"30":0,"31":7,"32":7,"33":7,"34":7,"35":0,"36":0,"37":0,"38":0,"39":0,"40":0,"41":0,"42":0,"43":0,"44":0,"45":0,"46":0,"47":0,"48":0,"49":0,"50":0,"51":0,"52":0,"53":0,"54":0,"55":0,"56":0,"57":0,"58":0,"59":7,"60":0,"61":0,"62":0,"63":0,"64":0,"65":0,"66":0,"67":0,"68":0,"69":0,"70":0,"71":0,"72":0,"73":0,"74":0,"75":0,"76":0,"77":0,"78":0,"79":0,"80":0,"81":0,"82":0,"83":0,"84":0,"85":0,"86":0,"87":0,"88":0,"89":0,"90":0,"91":0,"92":0,"93":0,"94":0,"95":0,"96":0,"97":0,"98":0,"99":0,"100":0,"101":0,"102":0,"103":0,"104":0,"105":0,"106":0,"107":0,"108":0,"109":0,"110":0,"111":0,"112":0,"113":0,"114":0,"115":0,"116":0,"117":7,"118":0,"119":0,"120":0,"121":0,"122":0,"123":0,"124":0,"125":0,"126":0},"f":{"0":0,"1":0,"2":0,"3":0,"4":0,"5":0,"6":0,"7":0,"8":0,"9":0,"10":0,"11":0,"12":0,"13":0,"14":0,"15":0,"16":0,"17":0,"18":0,"19":0,"20":0,"21":0,"22":0,"23":0,"24":0,"25":0,"26":0},"b":{"0":[0],"1":[0],"2":[0,0],"3":[0],"4":[0,0],"5":[0],"6":[0,0],"7":[7,3],"8":[7,3],"9":[7,7],"10":[0],"11":[0],"12":[0],"13":[0],"14":[0],"15":[0],"16":[0],"17":[0],"18":[0,0],"19":[0],"20":[0],"21":[0],"22":[0,0],"23":[0],"24":[0],"25":[0],"26":[0],"27":[0],"28":[0],"29":[0],"30":[0,0],"31":[0],"32":[0,0]}}
,"C:\\Users\\hyper\\Desktop\\SAFAT_APP_fixed\\backend\\src\\middleware\\auth.ts": {"path":"C:\\Users\\hyper\\Desktop\\SAFAT_APP_fixed\\backend\\src\\middleware\\auth.ts","statementMap":{"0":{"start":{"line":18,"column":0},"end":{"line":18,"column":7}},"1":{"start":{"line":27,"column":0},"end":{"line":27,"column":7}},"2":{"start":{"line":72,"column":0},"end":{"line":72,"column":7}},"3":{"start":{"line":93,"column":0},"end":{"line":93,"column":7}},"4":{"start":{"line":106,"column":0},"end":{"line":106,"column":16}},"5":{"start":{"line":110,"column":0},"end":{"line":110,"column":16}},"6":{"start":{"line":5,"column":0},"end":{"line":5,"column":58}},"7":{"start":{"line":6,"column":0},"end":{"line":6,"column":41}},"8":{"start":{"line":7,"column":0},"end":{"line":7,"column":38}},"9":{"start":{"line":8,"column":0},"end":{"line":8,"column":46}},"10":{"start":{"line":9,"column":0},"end":{"line":9,"column":34}},"11":{"start":{"line":19,"column":15},"end":{"line":22,"column":4}},"12":{"start":{"line":23,"column":2},"end":{"line":23,"column":26}},"13":{"start":{"line":23,"column":13},"end":{"line":23,"column":26}},"14":{"start":{"line":24,"column":2},"end":{"line":24,"column":65}},"15":{"start":{"line":33,"column":20},"end":{"line":33,"column":45}},"16":{"start":{"line":34,"column":21},"end":{"line":34,"column":46}},"17":{"start":{"line":35,"column":2},"end":{"line":37,"column":3}},"18":{"start":{"line":36,"column":4},"end":{"line":36,"column":98}},"19":{"start":{"line":39,"column":16},"end":{"line":39,"column":35}},"20":{"start":{"line":40,"column":2},"end":{"line":69,"column":3}},"21":{"start":{"line":41,"column":20},"end":{"line":41,"column":44}},"22":{"start":{"line":44,"column":24},"end":{"line":44,"column":71}},"23":{"start":{"line":45,"column":4},"end":{"line":47,"column":5}},"24":{"start":{"line":46,"column":6},"end":{"line":46,"column":105}},"25":{"start":{"line":49,"column":4},"end":{"line":51,"column":5}},"26":{"start":{"line":50,"column":6},"end":{"line":50,"column":105}},"27":{"start":{"line":53,"column":17},"end":{"line":56,"column":6}},"28":{"start":{"line":57,"column":4},"end":{"line":59,"column":5}},"29":{"start":{"line":58,"column":6},"end":{"line":58,"column":105}},"30":{"start":{"line":61,"column":5},"end":{"line":61,"column":42}},"31":{"start":{"line":62,"column":4},"end":{"line":62,"column":46}},"32":{"start":{"line":64,"column":4},"end":{"line":66,"column":5}},"33":{"start":{"line":65,"column":6},"end":{"line":65,"column":112}},"34":{"start":{"line":67,"column":4},"end":{"line":67,"column":55}},"35":{"start":{"line":68,"column":4},"end":{"line":68,"column":103}},"36":{"start":{"line":77,"column":21},"end":{"line":77,"column":46}},"37":{"start":{"line":78,"column":2},"end":{"line":89,"column":3}},"38":{"start":{"line":79,"column":4},"end":{"line":88,"column":5}},"39":{"start":{"line":80,"column":20},"end":{"line":80,"column":39}},"40":{"start":{"line":81,"column":22},"end":{"line":81,"column":46}},"41":{"start":{"line":82,"column":26},"end":{"line":82,"column":73}},"42":{"start":{"line":83,"column":6},"end":{"line":85,"column":7}},"43":{"start":{"line":84,"column":9},"end":{"line":84,"column":36}},"44":{"start":{"line":90,"column":2},"end":{"line":90,"column":34}},"45":{"start":{"line":98,"column":2},"end":{"line":103,"column":5}},"46":{"start":{"line":99,"column":4},"end":{"line":101,"column":5}},"47":{"start":{"line":100,"column":6},"end":{"line":100,"column":104}},"48":{"start":{"line":102,"column":4},"end":{"line":102,"column":41}},"49":{"start":{"line":107,"column":2},"end":{"line":107,"column":95}},"50":{"start":{"line":117,"column":2},"end":{"line":121,"column":5}}},"fnMap":{"0":{"name":"isPasswordVersionValid","decl":{"start":{"line":18,"column":22},"end":{"line":18,"column":44}},"loc":{"start":{"line":18,"column":64},"end":{"line":25,"column":1}}},"1":{"name":"withAuth","decl":{"start":{"line":27,"column":22},"end":{"line":27,"column":30}},"loc":{"start":{"line":30,"column":21},"end":{"line":70,"column":1}}},"2":{"name":"withOptionalAuth","decl":{"start":{"line":72,"column":22},"end":{"line":72,"column":38}},"loc":{"start":{"line":75,"column":95},"end":{"line":91,"column":1}}},"3":{"name":"withAdmin","decl":{"start":{"line":93,"column":22},"end":{"line":93,"column":31}},"loc":{"start":{"line":96,"column":21},"end":{"line":104,"column":1}}},"4":{"name":"(anonymous_5)","decl":{"start":{"line":98,"column":28},"end":{"line":98,"column":33}},"loc":{"start":{"line":98,"column":59},"end":{"line":103,"column":3}}},"5":{"name":"apiResponse","decl":{"start":{"line":106,"column":16},"end":{"line":106,"column":27}},"loc":{"start":{"line":106,"column":74},"end":{"line":108,"column":1}}},"6":{"name":"apiError","decl":{"start":{"line":110,"column":16},"end":{"line":110,"column":24}},"loc":{"start":{"line":115,"column":19},"end":{"line":122,"column":1}}}},"branchMap":{"0":{"loc":{"start":{"line":23,"column":2},"end":{"line":23,"column":26}},"type":"if","locations":[{"start":{"line":23,"column":2},"end":{"line":23,"column":26}}]},"1":{"loc":{"start":{"line":24,"column":10},"end":{"line":24,"column":38}},"type":"binary-expr","locations":[{"start":{"line":24,"column":10},"end":{"line":24,"column":33}},{"start":{"line":24,"column":37},"end":{"line":24,"column":38}}]},"2":{"loc":{"start":{"line":35,"column":2},"end":{"line":37,"column":3}},"type":"if","locations":[{"start":{"line":35,"column":2},"end":{"line":37,"column":3}}]},"3":{"loc":{"start":{"line":45,"column":4},"end":{"line":47,"column":5}},"type":"if","locations":[{"start":{"line":45,"column":4},"end":{"line":47,"column":5}}]},"4":{"loc":{"start":{"line":49,"column":4},"end":{"line":51,"column":5}},"type":"if","locations":[{"start":{"line":49,"column":4},"end":{"line":51,"column":5}}]},"5":{"loc":{"start":{"line":57,"column":4},"end":{"line":59,"column":5}},"type":"if","locations":[{"start":{"line":57,"column":4},"end":{"line":59,"column":5}}]},"6":{"loc":{"start":{"line":57,"column":8},"end":{"line":57,"column":31}},"type":"binary-expr","locations":[{"start":{"line":57,"column":8},"end":{"line":57,"column":13}},{"start":{"line":57,"column":17},"end":{"line":57,"column":31}}]},"7":{"loc":{"start":{"line":64,"column":4},"end":{"line":66,"column":5}},"type":"if","locations":[{"start":{"line":64,"column":4},"end":{"line":66,"column":5}}]},"8":{"loc":{"start":{"line":78,"column":2},"end":{"line":89,"column":3}},"type":"if","locations":[{"start":{"line":78,"column":2},"end":{"line":89,"column":3}}]},"9":{"loc":{"start":{"line":83,"column":6},"end":{"line":85,"column":7}},"type":"if","locations":[{"start":{"line":83,"column":6},"end":{"line":85,"column":7}}]},"10":{"loc":{"start":{"line":83,"column":10},"end":{"line":83,"column":65}},"type":"binary-expr","locations":[{"start":{"line":83,"column":10},"end":{"line":83,"column":22}},{"start":{"line":83,"column":27},"end":{"line":83,"column":64}}]},"11":{"loc":{"start":{"line":99,"column":4},"end":{"line":101,"column":5}},"type":"if","locations":[{"start":{"line":99,"column":4},"end":{"line":101,"column":5}}]},"12":{"loc":{"start":{"line":106,"column":62},"end":{"line":106,"column":74}},"type":"default-arg","locations":[{"start":{"line":106,"column":71},"end":{"line":106,"column":74}}]},"13":{"loc":{"start":{"line":119,"column":8},"end":{"line":119,"column":44}},"type":"binary-expr","locations":[{"start":{"line":119,"column":8},"end":{"line":119,"column":29}},{"start":{"line":119,"column":33},"end":{"line":119,"column":44}}]}},"s":{"0":2,"1":2,"2":2,"3":2,"4":2,"5":2,"6":2,"7":2,"8":2,"9":2,"10":2,"11":0,"12":0,"13":0,"14":0,"15":0,"16":0,"17":0,"18":0,"19":0,"20":0,"21":0,"22":0,"23":0,"24":0,"25":0,"26":0,"27":0,"28":0,"29":0,"30":0,"31":0,"32":0,"33":0,"34":0,"35":0,"36":0,"37":0,"38":0,"39":0,"40":0,"41":0,"42":0,"43":0,"44":0,"45":0,"46":0,"47":0,"48":0,"49":10,"50":10},"f":{"0":0,"1":0,"2":0,"3":0,"4":0,"5":10,"6":10},"b":{"0":[0],"1":[0,0],"2":[0],"3":[0],"4":[0],"5":[0],"6":[0,0],"7":[0],"8":[0],"9":[0],"10":[0,0],"11":[0],"12":[7],"13":[10,5]}}
,"C:\\Users\\hyper\\Desktop\\SAFAT_APP_fixed\\backend\\src\\middleware\\requestId.ts": {"path":"C:\\Users\\hyper\\Desktop\\SAFAT_APP_fixed\\backend\\src\\middleware\\requestId.ts","statementMap":{"0":{"start":{"line":8,"column":0},"end":{"line":8,"column":16}},"1":{"start":{"line":18,"column":0},"end":{"line":18,"column":16}},"2":{"start":{"line":29,"column":0},"end":{"line":29,"column":16}},"3":{"start":{"line":6,"column":0},"end":{"line":6,"column":36}},"4":{"start":{"line":11,"column":20},"end":{"line":11,"column":57}},"5":{"start":{"line":12,"column":2},"end":{"line":14,"column":3}},"6":{"start":{"line":13,"column":4},"end":{"line":13,"column":21}},"7":{"start":{"line":15,"column":2},"end":{"line":15,"column":22}},"8":{"start":{"line":22,"column":13},"end":{"line":22,"column":30}},"9":{"start":{"line":23,"column":3},"end":{"line":23,"column":30}},"10":{"start":{"line":24,"column":2},"end":{"line":24,"column":36}},"11":{"start":{"line":25,"column":2},"end":{"line":25,"column":12}},"12":{"start":{"line":32,"column":2},"end":{"line":36,"column":10}},"13":{"start":{"line":33,"column":22},"end":{"line":33,"column":47}},"14":{"start":{"line":34,"column":5},"end":{"line":34,"column":39}},"15":{"start":{"line":35,"column":4},"end":{"line":35,"column":29}}},"fnMap":{"0":{"name":"getRequestId","decl":{"start":{"line":8,"column":16},"end":{"line":8,"column":28}},"loc":{"start":{"line":8,"column":48},"end":{"line":16,"column":1}}},"1":{"name":"attachRequestId","decl":{"start":{"line":18,"column":16},"end":{"line":18,"column":31}},"loc":{"start":{"line":20,"column":22},"end":{"line":26,"column":1}}},"2":{"name":"withRequestId","decl":{"start":{"line":29,"column":16},"end":{"line":29,"column":29}},"loc":{"start":{"line":30,"column":12},"end":{"line":37,"column":1}}},"3":{"name":"(anonymous_3)","decl":{"start":{"line":32,"column":10},"end":{"line":32,"column":15}},"loc":{"start":{"line":32,"column":62},"end":{"line":36,"column":3}}}},"branchMap":{"0":{"loc":{"start":{"line":12,"column":2},"end":{"line":14,"column":3}},"type":"if","locations":[{"start":{"line":12,"column":2},"end":{"line":14,"column":3}}]},"1":{"loc":{"start":{"line":12,"column":6},"end":{"line":12,"column":59}},"type":"binary-expr","locations":[{"start":{"line":12,"column":6},"end":{"line":12,"column":15}},{"start":{"line":12,"column":19},"end":{"line":12,"column":59}}]}},"s":{"0":2,"1":2,"2":2,"3":2,"4":0,"5":0,"6":0,"7":0,"8":0,"9":0,"10":0,"11":0,"12":0,"13":0,"14":0,"15":0},"f":{"0":0,"1":0,"2":0,"3":0},"b":{"0":[0],"1":[0,0]}}
}
