TN:
SF:pages\api\admin\butcher-applications\[id].ts
FN:9,handler
FN:16,getApplication
FNF:2
FNH:2
FNDA:1,handler
FNDA:1,getApplication
DA:3,1
DA:4,1
DA:5,1
DA:6,1
DA:7,1
DA:9,1
DA:10,1
DA:11,1
DA:13,1
DA:17,1
DA:18,1
DA:19,0
DA:22,1
DA:23,1
DA:24,1
DA:26,0
LF:16
LH:14
BRDA:10,0,0,0
BRDA:11,1,0,0
BRDA:18,2,0,0
BRF:3
BRH:0
end_of_record
TN:
SF:pages\api\admin\butcher-applications\index.ts
FN:12,handler
FN:19,listApplications
FNF:2
FNH:2
FNDA:1,handler
FNDA:1,listApplications
DA:3,1
DA:4,1
DA:5,1
DA:6,1
DA:9,1
DA:10,1
DA:12,1
DA:13,1
DA:14,1
DA:16,1
DA:20,1
DA:21,1
DA:22,0
DA:25,1
DA:26,1
DA:31,1
DA:38,0
LF:17
LH:15
BRDA:13,0,0,0
BRDA:14,1,0,0
BRDA:21,2,0,0
BRF:3
BRH:0
end_of_record
TN:
SF:pages\api\admin\butcher-applications\[id]\approve.ts
FN:12,handler
FN:19,approveApplication
FNF:2
FNH:2
FNDA:1,handler
FNDA:1,approveApplication
DA:3,1
DA:4,1
DA:5,1
DA:6,1
DA:7,1
DA:8,1
DA:10,1
DA:12,1
DA:13,1
DA:14,1
DA:16,1
DA:20,1
DA:21,1
DA:22,0
DA:25,1
DA:26,1
DA:27,0
DA:30,1
DA:31,1
DA:36,1
DA:38,0
LF:21
LH:18
BRDA:13,0,0,0
BRDA:14,1,0,0
BRDA:21,2,0,0
BRDA:25,3,0,1
BRDA:25,3,1,0
BRDA:26,4,0,0
BRF:6
BRH:1
end_of_record
TN:
SF:pages\api\admin\butcher-applications\[id]\comment.ts
FN:12,handler
FN:19,addComment
FNF:2
FNH:2
FNDA:1,handler
FNDA:1,addComment
DA:3,1
DA:4,1
DA:5,1
DA:6,1
DA:7,1
DA:8,1
DA:10,1
DA:12,1
DA:13,1
DA:14,1
DA:16,1
DA:20,1
DA:21,1
DA:22,0
DA:25,1
DA:26,1
DA:27,0
DA:30,1
DA:31,1
DA:36,1
DA:38,0
LF:21
LH:18
BRDA:13,0,0,0
BRDA:14,1,0,0
BRDA:21,2,0,0
BRDA:25,3,0,1
BRDA:25,3,1,0
BRDA:26,4,0,0
BRF:6
BRH:1
end_of_record
TN:
SF:pages\api\admin\butcher-applications\[id]\reject.ts
FN:12,handler
FN:19,rejectApplication
FNF:2
FNH:2
FNDA:1,handler
FNDA:1,rejectApplication
DA:3,1
DA:4,1
DA:5,1
DA:6,1
DA:7,1
DA:8,1
DA:10,1
DA:12,1
DA:13,1
DA:14,1
DA:16,1
DA:20,1
DA:21,1
DA:22,0
DA:25,1
DA:26,1
DA:27,1
DA:30,0
DA:31,0
DA:36,0
DA:38,0
LF:21
LH:16
BRDA:13,0,0,0
BRDA:14,1,0,0
BRDA:21,2,0,0
BRDA:25,3,0,1
BRDA:25,3,1,0
BRDA:26,4,0,1
BRF:6
BRH:2
end_of_record
TN:
SF:pages\api\butcher-applications\[id].ts
FN:15,handler
FN:24,getApplication
FN:41,updateDraft
FNF:3
FNH:3
FNDA:4,handler
FNDA:3,getApplication
FNDA:1,updateDraft
DA:3,1
DA:4,1
DA:5,1
DA:6,1
DA:7,1
DA:11,1
DA:13,1
DA:15,1
DA:16,4
DA:18,4
DA:19,1
DA:21,0
DA:25,3
DA:26,3
DA:27,1
DA:30,2
DA:31,2
DA:35,1
DA:37,1
DA:42,1
DA:43,1
DA:44,0
DA:47,1
DA:48,1
DA:49,0
DA:52,1
DA:53,1
DA:54,0
DA:59,1
DA:60,1
DA:66,0
DA:68,1
LF:32
LH:27
BRDA:16,0,0,0
BRDA:18,1,0,3
BRDA:19,2,0,1
BRDA:26,3,0,1
BRDA:43,4,0,0
BRDA:47,5,0,1
BRDA:47,5,1,0
BRDA:48,6,0,0
BRDA:53,7,0,0
BRF:9
BRH:4
end_of_record
TN:
SF:pages\api\butcher-applications\index.ts
FN:11,handler
FN:20,listApplications
FN:42,createDraft
FNF:3
FNH:3
FNDA:4,handler
FNDA:2,listApplications
FNDA:2,createDraft
DA:3,1
DA:4,1
DA:5,1
DA:6,1
DA:7,1
DA:9,1
DA:11,1
DA:12,4
DA:14,4
DA:15,2
DA:17,0
DA:21,2
DA:22,2
DA:23,1
DA:26,1
DA:27,1
DA:32,1
DA:38,0
DA:43,2
DA:44,2
DA:45,2
DA:46,1
DA:49,1
DA:50,1
DA:54,1
DA:56,0
LF:26
LH:23
BRDA:12,0,0,0
BRDA:14,1,0,2
BRDA:15,2,0,2
BRDA:22,3,0,1
BRDA:43,4,0,2
BRDA:43,4,1,0
BRDA:45,5,0,1
BRF:7
BRH:5
end_of_record
TN:
SF:pages\api\butcher-applications\[id]\submit.ts
FN:12,handler
FN:19,submitApplication
FNF:2
FNH:2
FNDA:2,handler
FNDA:2,submitApplication
DA:3,1
DA:4,1
DA:5,1
DA:6,1
DA:7,1
DA:8,1
DA:10,1
DA:12,1
DA:13,2
DA:14,2
DA:16,2
DA:20,2
DA:21,2
DA:22,0
DA:25,2
DA:26,2
DA:27,1
DA:30,1
DA:31,1
DA:36,1
DA:38,0
LF:21
LH:19
BRDA:13,0,0,0
BRDA:14,1,0,0
BRDA:21,2,0,0
BRDA:25,3,0,2
BRDA:25,3,1,0
BRDA:26,4,0,1
BRF:6
BRH:2
end_of_record
TN:
SF:pages\api\butcher-applications\[id]\withdraw.ts
FN:12,handler
FN:19,withdrawApplication
FNF:2
FNH:2
FNDA:1,handler
FNDA:1,withdrawApplication
DA:3,1
DA:4,1
DA:5,1
DA:6,1
DA:7,1
DA:8,1
DA:10,1
DA:12,1
DA:13,1
DA:14,1
DA:16,1
DA:20,1
DA:21,1
DA:22,0
DA:25,1
DA:26,1
DA:27,0
DA:30,1
DA:31,1
DA:36,1
DA:38,0
LF:21
LH:18
BRDA:13,0,0,0
BRDA:14,1,0,0
BRDA:21,2,0,0
BRDA:25,3,0,1
BRDA:25,3,1,0
BRDA:26,4,0,0
BRF:6
BRH:1
end_of_record
TN:
SF:pages\api\butcher-applications\[id]\documents\[documentId].ts
FN:15,handler
FN:24,replaceDocument
FN:50,deleteDocument
FNF:3
FNH:3
FNDA:2,handler
FNDA:1,replaceDocument
FNDA:1,deleteDocument
DA:3,1
DA:4,1
DA:5,1
DA:6,1
DA:7,1
DA:11,1
DA:13,1
DA:15,1
DA:16,2
DA:18,2
DA:19,1
DA:21,0
DA:25,1
DA:26,1
DA:28,1
DA:29,0
DA:32,1
DA:33,1
DA:34,1
DA:37,0
DA:38,0
DA:44,0
DA:46,0
DA:51,1
DA:52,1
DA:54,1
DA:55,0
DA:58,1
DA:59,1
DA:64,1
DA:66,0
LF:31
LH:23
BRDA:16,0,0,0
BRDA:18,1,0,1
BRDA:19,2,0,1
BRDA:28,3,0,0
BRDA:28,4,0,1
BRDA:28,4,1,1
BRDA:32,5,0,1
BRDA:32,5,1,0
BRDA:33,6,0,1
BRDA:54,7,0,0
BRDA:54,8,0,1
BRDA:54,8,1,1
BRF:12
BRH:8
end_of_record
TN:
SF:pages\api\butcher-applications\[id]\documents\index.ts
FN:12,handler
FN:19,uploadDocument
FNF:2
FNH:2
FNDA:1,handler
FNDA:1,uploadDocument
DA:3,1
DA:4,1
DA:5,1
DA:6,1
DA:7,1
DA:8,1
DA:10,1
DA:12,1
DA:13,1
DA:14,1
DA:16,1
DA:20,1
DA:21,1
DA:22,0
DA:25,1
DA:26,1
DA:27,0
DA:30,1
DA:31,1
DA:36,1
DA:38,0
LF:21
LH:18
BRDA:13,0,0,0
BRDA:14,1,0,0
BRDA:21,2,0,0
BRDA:25,3,0,1
BRDA:25,3,1,0
BRDA:26,4,0,0
BRF:6
BRH:1
end_of_record
TN:
SF:src\butcher-applications\constants.ts
FNF:0
FNH:0
DA:3,11
DA:4,11
DA:5,11
DA:6,11
DA:8,11
DA:10,11
DA:17,11
DA:19,11
DA:26,11
DA:27,11
DA:29,11
DA:45,11
DA:47,11
LF:13
LH:13
BRF:0
BRH:0
end_of_record
TN:
SF:src\butcher-applications\errors.ts
FN:135,(anonymous_0)
FN:146,isButcherApplicationError
FN:150,mapPrismaUniqueViolation
FN:209,normalizeTarget
FN:211,(anonymous_4)
FN:217,buildViolationHaystack
FNF:6
FNH:6
FNDA:40,(anonymous_0)
FNDA:4,isButcherApplicationError
FNDA:9,mapPrismaUniqueViolation
FNDA:5,normalizeTarget
FNDA:7,(anonymous_4)
FNDA:5,buildViolationHaystack
DA:26,24
DA:129,24
DA:136,40
DA:137,40
DA:138,40
DA:139,40
DA:140,40
DA:141,40
DA:142,40
DA:146,24
DA:147,4
DA:150,24
DA:151,9
DA:157,4
DA:160,5
DA:161,5
DA:162,5
DA:163,5
DA:165,5
DA:166,1
DA:167,1
DA:169,0
DA:170,0
DA:174,4
DA:175,2
DA:179,1
DA:181,1
DA:185,1
DA:187,0
DA:189,0
DA:190,0
DA:192,0
DA:193,0
DA:198,2
DA:203,2
DA:206,0
DA:210,5
DA:211,7
DA:213,0
DA:214,0
DA:222,5
DA:223,5
LF:42
LH:32
BRDA:151,0,0,4
BRDA:152,1,0,9
BRDA:152,1,1,9
BRDA:152,1,2,9
BRDA:152,1,3,8
BRDA:160,2,0,5
BRDA:160,2,1,0
BRDA:161,3,0,5
BRDA:161,3,1,0
BRDA:165,4,0,1
BRDA:166,5,0,1
BRDA:166,6,0,1
BRDA:166,6,1,0
BRDA:169,7,0,0
BRDA:174,8,0,2
BRDA:175,9,0,1
BRDA:176,10,0,2
BRDA:176,10,1,2
BRDA:181,11,0,1
BRDA:182,12,0,1
BRDA:182,12,1,1
BRDA:187,13,0,0
BRDA:187,14,0,0
BRDA:187,14,1,0
BRDA:189,15,0,0
BRDA:189,16,0,0
BRDA:189,16,1,0
BRDA:192,17,0,0
BRDA:192,18,0,0
BRDA:192,18,1,0
BRDA:198,19,0,2
BRDA:199,20,0,2
BRDA:199,20,1,2
BRDA:199,20,2,2
BRDA:210,21,0,5
BRDA:213,22,0,0
BRDA:222,23,0,0
BRDA:222,23,1,5
BRDA:227,24,0,2
BRDA:227,24,1,3
BRDA:228,25,0,0
BRDA:228,25,1,5
BRF:42
BRH:26
end_of_record
TN:
SF:src\butcher-applications\mappers.ts
FN:11,toDocumentDto
FN:32,toTimelineDto
FN:46,toApplicationSummaryFromEntity
FN:67,toApplicationSummary
FN:88,toApplicationDetail
FN:111,(anonymous_5)
FN:126,toAdminApplicationSummary
FN:129,(anonymous_7)
FN:143,toDocumentDtoPublic
FN:150,toTimelineEventDto
FNF:10
FNH:5
FNDA:13,toDocumentDto
FNDA:0,toTimelineDto
FNDA:0,toApplicationSummaryFromEntity
FNDA:6,toApplicationSummary
FNDA:6,toApplicationDetail
FNDA:12,(anonymous_5)
FNDA:0,toAdminApplicationSummary
FNDA:0,(anonymous_7)
FNDA:1,toDocumentDtoPublic
FNDA:0,toTimelineEventDto
DA:15,13
DA:16,13
DA:35,0
DA:46,6
DA:49,0
DA:67,6
DA:70,6
DA:88,6
DA:92,6
DA:93,6
DA:95,6
DA:111,12
DA:126,6
DA:129,0
DA:130,0
DA:143,6
DA:147,1
DA:150,6
DA:153,0
LF:19
LH:14
BRDA:15,0,0,13
BRDA:15,0,1,13
BRDA:21,1,0,13
BRDA:21,1,1,0
BRDA:63,2,0,0
BRDA:63,2,1,0
BRDA:84,3,0,6
BRDA:84,3,1,5
BRDA:90,4,0,3
BRDA:92,5,0,6
BRDA:92,5,1,3
BRDA:113,6,0,3
BRDA:113,6,1,3
BRDA:113,7,0,6
BRDA:113,7,1,3
BRDA:145,8,0,1
BRF:16
BRH:13
end_of_record
TN:
SF:src\butcher-applications\notifications.ts
FN:9,shopLabel
FN:13,baseApplicationData
FN:21,notifyApplicationSubmitted
FN:41,notifyApplicationReceived
FN:58,notifyApplicationWithdrawn
FN:80,(anonymous_5)
FN:99,notifyApplicationApproved
FN:118,notifyApplicationRejected
FN:136,notifyAfterApplicationSubmit
FNF:9
FNH:5
FNDA:2,shopLabel
FNDA:3,baseApplicationData
FNDA:2,notifyApplicationSubmitted
FNDA:1,notifyApplicationReceived
FNDA:0,notifyApplicationWithdrawn
FNDA:0,(anonymous_5)
FNDA:0,notifyApplicationApproved
FNDA:0,notifyApplicationRejected
FNDA:1,notifyAfterApplicationSubmit
DA:3,5
DA:4,5
DA:7,5
DA:10,2
DA:14,3
DA:21,5
DA:25,2
DA:26,2
DA:41,5
DA:45,1
DA:58,5
DA:63,0
DA:65,0
DA:78,0
DA:79,0
DA:81,0
DA:95,0
DA:99,5
DA:104,0
DA:118,5
DA:122,0
DA:136,5
DA:140,1
LF:23
LH:15
BRDA:10,0,0,2
BRDA:10,0,1,0
BRDA:10,0,2,0
BRDA:34,1,0,2
BRDA:34,1,1,0
BRDA:35,2,0,2
BRDA:35,2,1,0
BRDA:61,3,0,0
BRDA:63,4,0,0
BRDA:78,5,0,0
BRDA:130,6,0,0
BRDA:130,6,1,0
BRF:12
BRH:3
end_of_record
TN:
SF:src\butcher-applications\__tests__\helpers\testUtils.ts
FN:10,userPayload
FN:14,createMockReq
FN:26,createMockRes
FN:35,(anonymous_3)
FN:40,(anonymous_4)
FN:45,(anonymous_5)
FN:51,getResponseBody
FNF:7
FNH:7
FNDA:19,userPayload
FNDA:22,createMockReq
FNDA:21,createMockRes
FNDA:21,(anonymous_3)
FNDA:20,(anonymous_4)
FNDA:1,(anonymous_5)
FNDA:13,getResponseBody
DA:4,9
DA:5,9
DA:6,9
DA:7,9
DA:8,9
DA:10,9
DA:11,19
DA:14,9
DA:17,22
DA:26,9
DA:30,21
DA:35,21
DA:36,21
DA:37,21
DA:40,21
DA:41,20
DA:42,20
DA:45,21
DA:46,21
DA:48,21
DA:51,9
DA:52,13
LF:22
LH:22
BRDA:10,0,0,14
BRDA:10,1,0,14
BRDA:15,2,0,1
BRF:3
BRH:3
end_of_record
TN:
SF:src\butcher-applications\helpers\httpError.ts
FN:10,handleButcherApplicationError
FNF:1
FNH:1
FNDA:4,handleButcherApplicationError
DA:2,2
DA:3,2
DA:4,2
DA:10,2
DA:11,4
DA:12,3
DA:13,3
DA:16,1
DA:17,1
LF:9
LH:9
BRDA:11,0,0,3
BRF:1
BRH:1
end_of_record
TN:
SF:src\butcher-applications\helpers\snapshotValidation.ts
FN:8,(anonymous_0)
FN:26,assertValidHhMm
FN:39,validateSnapshotFormat
FN:75,validatePersistedSnapshotTimes
FN:87,isSupportedCountry
FN:92,addSnapshotCrossFieldIssues
FNF:6
FNH:5
FNDA:0,(anonymous_0)
FNDA:14,assertValidHhMm
FNDA:5,validateSnapshotFormat
FNDA:3,validatePersistedSnapshotTimes
FNDA:2,isSupportedCountry
FNDA:8,addSnapshotCrossFieldIssues
DA:1,11
DA:3,11
DA:4,11
DA:5,11
DA:8,11
DA:26,11
DA:27,14
DA:28,2
DA:39,11
DA:40,5
DA:42,5
DA:43,2
DA:44,2
DA:46,0
DA:50,5
DA:51,2
DA:52,2
DA:54,0
DA:58,5
DA:63,1
DA:66,5
DA:67,5
DA:69,5
DA:70,1
DA:75,11
DA:79,3
DA:80,3
DA:82,3
DA:83,1
DA:87,11
DA:88,2
DA:92,11
DA:96,8
DA:101,2
LF:34
LH:32
BRDA:27,0,0,2
BRDA:42,1,0,2
BRDA:50,2,0,2
BRDA:58,3,0,1
BRDA:59,4,0,5
BRDA:59,4,1,2
BRDA:59,4,2,2
BRDA:66,5,0,0
BRDA:66,6,0,5
BRDA:66,6,1,0
BRDA:66,6,2,0
BRDA:67,7,0,0
BRDA:67,8,0,5
BRDA:67,8,1,0
BRDA:67,8,2,0
BRDA:69,9,0,1
BRDA:82,10,0,1
BRDA:96,11,0,2
BRDA:97,12,0,8
BRDA:97,12,1,3
BRDA:97,12,2,3
BRF:21
BRH:15
end_of_record
TN:
SF:src\butcher-applications\helpers\stateTransitions.ts
FN:21,canTransition
FN:31,assertTransition
FN:71,timelineActionForTransition
FN:82,assertEditableStatus
FNF:4
FNH:4
FNDA:16,canTransition
FNDA:11,assertTransition
FNDA:8,timelineActionForTransition
FNDA:9,assertEditableStatus
DA:2,7
DA:4,7
DA:14,7
DA:21,7
DA:25,16
DA:31,7
DA:35,11
DA:36,2
DA:38,2
DA:40,0
DA:42,0
DA:44,0
DA:46,0
DA:50,9
DA:52,5
DA:53,4
DA:55,1
DA:56,0
DA:58,1
DA:59,0
DA:61,1
DA:62,0
DA:64,1
DA:65,0
DA:68,1
DA:71,7
DA:74,8
DA:75,8
DA:76,0
DA:78,8
DA:82,7
DA:83,9
DA:84,4
LF:33
LH:24
BRDA:25,0,0,16
BRDA:25,0,1,0
BRDA:35,1,0,2
BRDA:36,2,0,2
BRDA:36,2,1,0
BRDA:36,2,2,0
BRDA:36,2,3,0
BRDA:36,2,4,0
BRDA:50,3,0,4
BRDA:52,4,0,4
BRDA:55,5,0,0
BRDA:58,6,0,0
BRDA:61,7,0,0
BRDA:61,8,0,1
BRDA:61,8,1,0
BRDA:64,9,0,0
BRDA:64,10,0,1
BRDA:64,10,1,0
BRDA:75,11,0,0
BRDA:83,12,0,4
BRF:20
BRH:8
end_of_record
TN:
SF:src\butcher-applications\helpers\timeline.ts
FN:16,appendTimelineEvent
FNF:1
FNH:1
FNDA:1,appendTimelineEvent
DA:16,4
DA:20,1
LF:2
LH:2
BRDA:25,0,0,1
BRDA:25,0,1,0
BRDA:26,1,0,1
BRDA:26,1,1,1
BRF:4
BRH:3
end_of_record
TN:
SF:src\butcher-applications\helpers\transaction.ts
FN:7,runInTransaction
FN:13,assertNotModified
FN:29,assertUserHasNoButcher
FN:42,assertApplicationOwner
FNF:4
FNH:2
FNDA:0,runInTransaction
FNDA:5,assertNotModified
FNDA:0,assertUserHasNoButcher
FNDA:3,assertApplicationOwner
DA:2,7
DA:3,7
DA:7,7
DA:10,0
DA:13,7
DA:17,5
DA:20,4
DA:24,4
DA:25,3
DA:29,7
DA:33,0
DA:37,0
DA:38,0
DA:42,7
DA:46,3
DA:47,2
LF:16
LH:12
BRDA:17,0,0,1
BRDA:20,1,0,0
BRDA:20,1,1,4
BRDA:24,2,0,3
BRDA:24,3,0,4
BRDA:24,3,1,3
BRDA:37,4,0,0
BRDA:46,5,0,2
BRF:8
BRH:6
end_of_record
TN:
SF:src\butcher-applications\helpers\validation.ts
FN:16,validateSubmitSnapshot
FN:33,validateRequiredDocuments
FN:38,(anonymous_2)
FN:48,validateDocumentUploadInput
FN:65,assertFileKeyOwnedByUser
FN:85,isUniqueRequiredDocumentType
FN:89,collectChangedFields
FN:102,buildPaginatedResult
FNF:8
FNH:8
FNDA:1,validateSubmitSnapshot
FNDA:1,validateRequiredDocuments
FNDA:10,(anonymous_2)
FNDA:8,validateDocumentUploadInput
FNDA:5,assertFileKeyOwnedByUser
FNDA:2,isUniqueRequiredDocumentType
FNDA:1,collectChangedFields
FNDA:2,buildPaginatedResult
DA:3,7
DA:12,7
DA:14,7
DA:16,7
DA:17,1
DA:19,1
DA:20,13
DA:21,13
DA:22,0
DA:26,1
DA:27,0
DA:30,1
DA:33,7
DA:34,1
DA:36,1
DA:37,4
DA:38,10
DA:40,4
DA:43,1
DA:44,0
DA:48,7
DA:49,8
DA:50,2
DA:54,6
DA:56,6
DA:57,2
DA:60,4
DA:61,1
DA:65,7
DA:66,5
DA:67,5
DA:69,5
DA:70,0
DA:75,0
DA:77,0
DA:80,5
DA:81,2
DA:85,7
DA:86,2
DA:89,7
DA:93,1
DA:94,1
DA:95,2
DA:96,1
DA:99,1
DA:102,7
DA:106,2
DA:107,2
DA:108,2
DA:109,2
LF:50
LH:44
BRDA:21,0,0,0
BRDA:21,1,0,13
BRDA:21,1,1,13
BRDA:21,1,2,13
BRDA:26,2,0,0
BRDA:38,3,0,10
BRDA:38,3,1,4
BRDA:38,3,2,4
BRDA:40,4,0,0
BRDA:43,5,0,0
BRDA:49,6,0,2
BRDA:54,7,0,0
BRDA:54,7,1,6
BRDA:56,8,0,2
BRDA:60,9,0,1
BRDA:60,10,0,4
BRDA:60,10,1,4
BRDA:69,11,0,0
BRDA:69,12,0,5
BRDA:69,12,1,2
BRDA:70,13,0,0
BRDA:71,14,0,0
BRDA:71,14,1,0
BRDA:71,14,2,0
BRDA:80,15,0,2
BRDA:95,16,0,1
BRDA:95,17,0,2
BRDA:95,17,1,2
BRDA:107,18,0,1
BRDA:107,18,1,1
BRDA:108,19,0,1
BRDA:108,19,1,1
BRDA:108,20,0,1
BRDA:108,20,1,0
BRF:34
BRH:23
end_of_record
TN:
SF:src\butcher-applications\repositories\application.repository.ts
FN:35,buildAdminApplicationWhere
FN:71,adminOrderBy
FN:83,findActiveApplicationByUserAndStatus
FN:94,getNextApplicationNumber
FN:106,createApplication
FN:124,findApplicationById
FN:134,getApplicationByIdOrThrow
FN:145,updateApplicationSnapshot
FN:157,updateApplicationStatus
FN:177,listUserApplications
FN:195,listAdminApplications
FN:211,countSubmittedApplications
FN:215,countDraftApplications
FN:219,createButcher
FN:229,findAllAdminUserIds
FN:234,(anonymous_16)
FNF:16
FNH:2
FNDA:4,buildAdminApplicationWhere
FNDA:3,adminOrderBy
FNDA:0,findActiveApplicationByUserAndStatus
FNDA:0,getNextApplicationNumber
FNDA:0,createApplication
FNDA:0,findApplicationById
FNDA:0,getApplicationByIdOrThrow
FNDA:0,updateApplicationSnapshot
FNDA:0,updateApplicationStatus
FNDA:0,listUserApplications
FNDA:0,listAdminApplications
FNDA:0,countSubmittedApplications
FNDA:0,countDraftApplications
FNDA:0,createButcher
FNDA:0,findAllAdminUserIds
FNDA:0,(anonymous_16)
DA:5,4
DA:9,4
DA:11,4
DA:18,4
DA:22,4
DA:35,4
DA:38,4
DA:40,4
DA:41,4
DA:43,4
DA:44,1
DA:45,1
DA:46,1
DA:49,4
DA:50,2
DA:51,2
DA:68,4
DA:71,4
DA:72,3
DA:74,1
DA:76,1
DA:79,1
DA:83,4
DA:88,0
DA:94,4
DA:98,0
DA:103,0
DA:106,4
DA:111,0
DA:113,0
DA:124,4
DA:128,0
DA:134,4
DA:138,0
DA:139,0
DA:140,0
DA:142,0
DA:145,4
DA:150,0
DA:157,4
DA:162,0
DA:169,4
DA:177,4
DA:182,0
DA:183,0
DA:185,0
DA:195,4
DA:199,0
DA:201,0
DA:211,4
DA:212,0
DA:215,4
DA:216,0
DA:219,4
DA:223,0
DA:229,4
DA:230,0
DA:234,0
LF:58
LH:36
BRDA:40,0,0,1
BRDA:41,1,0,1
BRDA:43,2,0,1
BRDA:43,3,0,4
BRDA:43,3,1,3
BRDA:45,4,0,1
BRDA:46,5,0,1
BRDA:49,6,0,2
BRDA:49,7,0,4
BRDA:49,7,1,2
BRDA:54,8,0,1
BRDA:54,8,1,1
BRDA:71,9,0,1
BRDA:72,10,0,1
BRDA:72,10,1,1
BRDA:72,10,2,1
BRDA:72,10,3,1
BRDA:103,11,0,0
BRDA:103,11,1,0
BRDA:126,12,0,0
BRDA:136,13,0,0
BRDA:139,14,0,0
BRDA:183,15,0,0
BRDA:188,16,0,0
BRDA:188,16,1,0
BRDA:189,17,0,0
BRDA:189,17,1,0
BRDA:204,18,0,0
BRDA:204,18,1,0
BRDA:205,19,0,0
BRDA:205,19,1,0
BRF:31
BRH:17
end_of_record
TN:
SF:src\butcher-applications\repositories\document.repository.ts
FN:7,findDocumentByIdAndApplication
FN:17,findDocumentByApplicationAndType
FN:27,createDocument
FN:45,replaceDocument
FN:65,deleteDocument
FN:72,approveUploadedDocuments
FN:88,getDocumentOrThrow
FNF:7
FNH:0
FNDA:0,findDocumentByIdAndApplication
FNDA:0,findDocumentByApplicationAndType
FNDA:0,createDocument
FNDA:0,replaceDocument
FNDA:0,deleteDocument
FNDA:0,approveUploadedDocuments
FNDA:0,getDocumentOrThrow
DA:2,4
DA:4,4
DA:7,4
DA:12,0
DA:17,4
DA:22,0
DA:27,4
DA:32,0
DA:45,4
DA:50,0
DA:65,4
DA:69,0
DA:72,4
DA:78,0
DA:88,4
DA:93,0
DA:94,0
DA:95,0
DA:97,0
LF:19
LH:9
BRDA:10,0,0,0
BRDA:20,1,0,0
BRDA:37,2,0,0
BRDA:37,2,1,0
BRDA:54,3,0,0
BRDA:54,3,1,0
BRDA:91,4,0,0
BRDA:94,5,0,0
BRF:8
BRH:0
end_of_record
TN:
SF:src\butcher-applications\routes\parseRequest.ts
FN:4,parseApplicationId
FN:13,parseDocumentId
FN:26,parseIfUnmodifiedSince
FNF:3
FNH:3
FNDA:16,parseApplicationId
FNDA:3,parseDocumentId
FNDA:4,parseIfUnmodifiedSince
DA:2,2
DA:4,2
DA:5,16
DA:6,16
DA:7,16
DA:9,16
DA:10,16
DA:13,2
DA:14,3
DA:15,3
DA:16,3
DA:18,3
DA:19,3
DA:26,2
DA:29,4
DA:30,4
DA:32,3
DA:33,3
DA:35,3
DA:36,3
DA:38,2
LF:21
LH:21
BRDA:6,0,0,0
BRDA:6,0,1,16
BRDA:7,1,0,0
BRDA:7,2,0,16
BRDA:7,2,1,16
BRDA:10,3,0,14
BRDA:10,3,1,2
BRDA:15,4,0,0
BRDA:15,4,1,3
BRDA:16,5,0,0
BRDA:16,6,0,3
BRDA:16,6,1,3
BRDA:19,7,0,3
BRDA:19,7,1,0
BRDA:30,8,0,1
BRDA:32,9,0,0
BRDA:32,9,1,3
BRDA:33,10,0,0
BRDA:36,11,0,1
BRF:19
BRH:12
end_of_record
TN:
SF:src\butcher-applications\routes\schemas.ts
FN:33,(anonymous_0)
FN:53,(anonymous_1)
FN:99,(anonymous_2)
FN:134,(anonymous_3)
FNF:4
FNH:3
FNDA:4,(anonymous_0)
FNDA:0,(anonymous_1)
FNDA:7,(anonymous_2)
FNDA:4,(anonymous_3)
DA:1,3
DA:2,3
DA:3,3
DA:10,3
DA:12,3
DA:14,3
DA:22,3
DA:24,3
DA:35,4
DA:36,4
DA:37,1
DA:45,3
DA:54,0
DA:55,0
DA:63,3
DA:71,3
DA:99,7
DA:101,3
DA:109,3
DA:116,3
DA:122,3
DA:135,4
DA:136,1
DA:144,3
DA:150,3
DA:157,3
LF:26
LH:24
BRDA:35,0,0,1
BRDA:35,0,1,3
BRDA:36,1,0,1
BRDA:54,2,0,0
BRDA:135,3,0,1
BRDA:135,4,0,4
BRDA:135,4,1,1
BRDA:135,4,2,1
BRF:8
BRH:7
end_of_record
TN:
SF:src\butcher-applications\services\admin.service.ts
FN:51,resolveAdminLimit
FN:57,buildButcherCreateInput
FN:85,(anonymous_2)
FN:103,(anonymous_3)
FN:111,(anonymous_4)
FN:117,(anonymous_5)
FN:170,(anonymous_6)
FN:184,(anonymous_7)
FN:195,(anonymous_8)
FN:220,(anonymous_9)
FN:227,(anonymous_10)
FN:236,(anonymous_11)
FNF:12
FNH:6
FNDA:0,resolveAdminLimit
FNDA:1,buildButcherCreateInput
FNDA:0,(anonymous_2)
FNDA:0,(anonymous_3)
FNDA:2,(anonymous_4)
FNDA:2,(anonymous_5)
FNDA:0,(anonymous_6)
FNDA:3,(anonymous_7)
FNDA:2,(anonymous_8)
FNDA:0,(anonymous_9)
FNDA:1,(anonymous_10)
FNDA:0,(anonymous_11)
DA:2,2
DA:6,2
DA:14,2
DA:15,2
DA:19,2
DA:20,2
DA:24,2
DA:25,2
DA:30,2
DA:45,2
DA:46,2
DA:52,0
DA:53,0
DA:57,2
DA:60,1
DA:84,2
DA:90,0
DA:91,0
DA:92,0
DA:93,0
DA:95,0
DA:104,0
DA:105,0
DA:116,2
DA:117,2
DA:118,2
DA:120,2
DA:121,1
DA:134,1
DA:135,1
DA:137,1
DA:138,1
DA:140,1
DA:142,1
DA:147,1
DA:155,1
DA:165,2
DA:166,1
DA:171,0
DA:175,2
DA:176,2
DA:178,0
DA:179,0
DA:180,0
DA:189,3
DA:190,1
DA:193,2
DA:195,2
DA:196,2
DA:197,2
DA:199,1
DA:200,1
DA:206,1
DA:214,1
DA:220,1
DA:221,0
DA:224,1
DA:232,1
DA:233,1
DA:236,0
DA:237,0
DA:239,0
DA:246,0
DA:251,2
LF:64
LH:46
BRDA:52,0,0,0
BRDA:114,1,0,0
BRDA:120,2,0,1
BRDA:120,3,0,2
BRDA:120,3,1,1
BRDA:151,4,0,1
BRDA:151,4,1,1
BRDA:165,5,0,1
BRDA:179,6,0,0
BRDA:189,7,0,1
BRDA:210,8,0,1
BRDA:210,8,1,1
BRDA:232,9,0,1
BRF:13
BRH:10
end_of_record
TN:
SF:src\butcher-applications\services\application.service.ts
FN:56,resolveUserLimit
FN:62,(anonymous_1)
FN:69,(anonymous_2)
FN:86,(anonymous_3)
FN:100,(anonymous_4)
FN:110,(anonymous_5)
FN:114,(anonymous_6)
FN:120,(anonymous_7)
FN:128,(anonymous_8)
FN:154,(anonymous_9)
FN:166,(anonymous_10)
FN:192,(anonymous_11)
FN:205,(anonymous_12)
FN:210,(anonymous_13)
FN:231,(anonymous_14)
FNF:15
FNH:9
FNDA:0,resolveUserLimit
FNDA:2,(anonymous_1)
FNDA:2,(anonymous_2)
FNDA:1,(anonymous_3)
FNDA:0,(anonymous_4)
FNDA:0,(anonymous_5)
FNDA:0,(anonymous_6)
FNDA:1,(anonymous_7)
FNDA:1,(anonymous_8)
FNDA:2,(anonymous_9)
FNDA:1,(anonymous_10)
FNDA:0,(anonymous_11)
FNDA:2,(anonymous_12)
FNDA:2,(anonymous_13)
FNDA:0,(anonymous_14)
DA:2,2
DA:6,2
DA:15,2
DA:21,2
DA:22,2
DA:27,2
DA:33,2
DA:34,2
DA:38,2
DA:50,2
DA:51,2
DA:57,0
DA:58,0
DA:61,2
DA:66,2
DA:68,2
DA:69,2
DA:70,2
DA:72,2
DA:73,2
DA:75,1
DA:76,1
DA:78,1
DA:80,1
DA:86,1
DA:91,1
DA:94,1
DA:95,1
DA:96,1
DA:104,0
DA:105,0
DA:106,0
DA:108,0
DA:110,0
DA:115,0
DA:116,0
DA:117,0
DA:126,1
DA:128,1
DA:129,1
DA:130,1
DA:131,1
DA:132,0
DA:134,0
DA:139,0
DA:141,0
DA:142,0
DA:150,0
DA:159,2
DA:160,1
DA:165,1
DA:166,1
DA:167,1
DA:169,1
DA:170,1
DA:171,1
DA:173,1
DA:174,1
DA:176,1
DA:177,1
DA:183,1
DA:189,1
DA:192,1
DA:193,0
DA:196,1
DA:198,0
DA:199,0
DA:200,0
DA:201,0
DA:210,2
DA:211,2
DA:212,2
DA:213,2
DA:215,1
DA:216,1
DA:221,1
DA:228,1
DA:231,1
DA:232,0
DA:235,1
DA:240,2
LF:81
LH:59
BRDA:57,0,0,0
BRDA:64,1,0,0
BRDA:73,2,0,1
BRDA:76,3,0,0
BRDA:95,4,0,0
BRDA:141,5,0,0
BRDA:159,6,0,1
BRDA:159,7,0,2
BRDA:159,7,1,1
BRDA:199,8,0,0
BRDA:200,9,0,0
BRDA:208,10,0,0
BRDA:225,11,0,1
BRDA:225,11,1,1
BRF:14
BRH:6
end_of_record
TN:
SF:src\butcher-applications\services\document.service.ts
FN:30,(anonymous_0)
FN:39,(anonymous_1)
FN:77,(anonymous_2)
FN:87,(anonymous_3)
FN:120,(anonymous_4)
FN:125,(anonymous_5)
FNF:6
FNH:6
FNDA:4,(anonymous_0)
FNDA:2,(anonymous_1)
FNDA:1,(anonymous_2)
FNDA:1,(anonymous_3)
FNDA:2,(anonymous_4)
FNDA:2,(anonymous_5)
DA:2,2
DA:9,2
DA:10,2
DA:11,2
DA:12,2
DA:13,2
DA:18,2
DA:19,2
DA:29,2
DA:35,4
DA:36,3
DA:38,2
DA:39,2
DA:40,2
DA:41,2
DA:42,2
DA:44,2
DA:45,2
DA:50,2
DA:51,1
DA:55,1
DA:57,1
DA:68,1
DA:71,1
DA:72,1
DA:73,1
DA:83,1
DA:84,0
DA:87,1
DA:88,1
DA:89,1
DA:90,1
DA:92,1
DA:94,1
DA:101,0
DA:103,0
DA:105,0
DA:116,0
DA:125,2
DA:126,2
DA:127,2
DA:128,2
DA:130,1
DA:131,1
DA:133,1
DA:147,2
LF:46
LH:41
BRDA:44,0,0,2
BRDA:50,1,0,1
BRDA:72,2,0,0
BRDA:83,3,0,0
BRDA:83,4,0,1
BRDA:83,4,1,1
BRF:6
BRH:4
end_of_record
TN:
SF:src\lib\countries.ts
FNF:0
FNH:0
DA:1,11
DA:3,11
DA:7,11
LF:3
LH:3
BRF:0
BRH:0
end_of_record
TN:
SF:src\lib\jwt.ts
FN:7,requireSecret
FN:37,signAccessToken
FN:41,signRefreshToken
FN:47,verifyAccessToken
FN:51,verifyRefreshToken
FN:55,decodeToken
FNF:6
FNH:1
FNDA:4,requireSecret
FNDA:0,signAccessToken
FNDA:0,signRefreshToken
FNDA:0,verifyAccessToken
FNDA:0,verifyRefreshToken
FNDA:0,decodeToken
DA:3,2
DA:4,2
DA:8,4
DA:9,4
DA:10,0
DA:15,4
DA:19,2
DA:20,2
DA:21,2
DA:22,2
DA:37,2
DA:38,0
DA:41,2
DA:42,0
DA:47,2
DA:48,0
DA:51,2
DA:52,0
DA:55,2
DA:56,0
DA:57,0
DA:59,0
LF:22
LH:14
BRDA:7,0,0,0
BRDA:9,1,0,0
BRDA:9,2,0,4
BRDA:9,2,1,4
BRDA:21,3,0,2
BRDA:21,3,1,2
BRDA:22,4,0,2
BRDA:22,4,1,2
BRF:8
BRH:6
end_of_record
TN:
SF:src\lib\notifications.ts
FN:15,stringifyNotificationData
FN:27,notifyUser
FN:46,notifyUsers
FN:53,(anonymous_3)
FNF:4
FNH:4
FNDA:4,stringifyNotificationData
FNDA:4,notifyUser
FNDA:1,notifyUsers
FNDA:2,(anonymous_3)
DA:3,6
DA:4,6
DA:15,6
DA:18,4
DA:19,4
DA:20,8
DA:21,6
DA:23,4
DA:27,6
DA:28,4
DA:29,4
DA:36,4
DA:38,1
DA:46,6
DA:50,1
DA:52,1
DA:53,2
LF:17
LH:17
BRDA:20,0,0,2
BRDA:20,1,0,8
BRDA:20,1,1,7
BRDA:34,2,0,3
BRDA:34,2,1,1
BRDA:50,3,0,0
BRF:6
BRH:5
end_of_record
TN:
SF:src\lib\prisma.ts
FN:22,(anonymous_0)
FN:29,(anonymous_1)
FNF:2
FNH:0
FNDA:0,(anonymous_0)
FNDA:0,(anonymous_1)
DA:2,18
DA:3,18
DA:10,18
DA:19,18
DA:20,18
DA:22,18
DA:23,0
DA:24,0
DA:29,18
DA:30,0
DA:33,18
LF:11
LH:8
BRDA:10,0,0,18
BRDA:10,0,1,8
BRDA:19,1,0,18
BRDA:23,2,0,0
BRF:4
BRH:3
end_of_record
TN:
SF:src\lib\queue.ts
FN:27,getNotificationQueue
FN:34,getEmailQueue
FN:41,getFeeCheckQueue
FN:48,getPushQueue
FN:55,getImageQueue
FN:63,getNotificationQueueForHealth
FN:103,enqueuePushAfterPersist
FN:133,persistNotificationAndEnqueuePush
FN:163,writeNotificationDirect
FN:168,addNotification
FN:170,(anonymous_11)
FN:181,addEmail
FN:189,addPush
FN:194,scheduleFeeCheck
FN:203,addImageProcessing
FN:211,setupQueueLogging
FN:222,(anonymous_17)
FN:225,(anonymous_18)
FNF:18
FNH:0
FNDA:0,getNotificationQueue
FNDA:0,getEmailQueue
FNDA:0,getFeeCheckQueue
FNDA:0,getPushQueue
FNDA:0,getImageQueue
FNDA:0,getNotificationQueueForHealth
FNDA:0,enqueuePushAfterPersist
FNDA:0,persistNotificationAndEnqueuePush
FNDA:0,writeNotificationDirect
FNDA:0,addNotification
FNDA:0,(anonymous_11)
FNDA:0,addEmail
FNDA:0,addPush
FNDA:0,scheduleFeeCheck
FNDA:0,addImageProcessing
FNDA:0,setupQueueLogging
FNDA:0,(anonymous_17)
FNDA:0,(anonymous_18)
DA:3,5
DA:4,5
DA:5,5
DA:6,5
DA:7,5
DA:9,5
DA:16,5
DA:21,5
DA:22,5
DA:23,5
DA:24,5
DA:25,5
DA:28,0
DA:29,0
DA:31,0
DA:35,0
DA:36,0
DA:38,0
DA:42,0
DA:43,0
DA:45,0
DA:49,0
DA:50,0
DA:52,0
DA:56,0
DA:57,0
DA:59,0
DA:63,5
DA:64,0
DA:103,5
DA:111,0
DA:112,0
DA:116,0
DA:118,0
DA:125,0
DA:133,5
DA:134,0
DA:135,0
DA:140,0
DA:151,0
DA:160,0
DA:164,0
DA:168,5
DA:169,0
DA:170,0
DA:171,0
DA:173,0
DA:175,0
DA:181,5
DA:182,0
DA:183,0
DA:189,5
DA:190,0
DA:191,0
DA:194,5
DA:195,0
DA:196,0
DA:203,5
DA:204,0
DA:205,0
DA:208,5
DA:211,5
DA:212,0
DA:213,0
DA:220,0
DA:221,0
DA:222,0
DA:223,0
DA:225,0
DA:226,0
LF:70
LH:22
BRDA:10,0,0,5
BRDA:10,0,1,0
BRDA:11,1,0,5
BRDA:11,1,1,0
BRDA:12,2,0,5
BRDA:12,2,1,5
BRDA:28,3,0,0
BRDA:35,4,0,0
BRDA:42,5,0,0
BRDA:49,6,0,0
BRDA:56,7,0,0
BRDA:64,8,0,0
BRDA:64,8,1,0
BRDA:116,9,0,0
BRDA:136,10,0,0
BRDA:136,10,1,0
BRDA:169,11,0,0
BRDA:182,12,0,0
BRDA:190,13,0,0
BRDA:195,14,0,0
BRDA:204,15,0,0
BRDA:212,16,0,0
BRF:22
BRH:4
end_of_record
TN:
SF:src\lib\redis.ts
FN:15,isRedisEnabled
FN:21,markRedisUnavailable
FN:42,(anonymous_3)
FN:53,attachCacheErrorHandler
FN:54,(anonymous_5)
FN:63,attachSessionErrorHandler
FN:64,(anonymous_7)
FN:73,getRedis
FN:80,(anonymous_9)
FN:85,getSessionRedis
FN:100,cacheGet
FN:111,cacheSet
FN:120,cacheDel
FN:129,cacheGetOrSet
FN:141,cacheDelPattern
FN:164,sessionSet
FN:174,sessionGet
FN:185,sessionDel
FN:196,(anonymous_19)
FN:197,(anonymous_20)
FN:198,(anonymous_21)
FN:199,(anonymous_22)
FN:200,(anonymous_23)
FN:201,(anonymous_24)
FN:202,(anonymous_25)
FN:203,(anonymous_26)
FN:204,(anonymous_27)
FNF:27
FNH:0
FNDA:0,isRedisEnabled
FNDA:0,markRedisUnavailable
FNDA:0,(anonymous_3)
FNDA:0,attachCacheErrorHandler
FNDA:0,(anonymous_5)
FNDA:0,attachSessionErrorHandler
FNDA:0,(anonymous_7)
FNDA:0,getRedis
FNDA:0,(anonymous_9)
FNDA:0,getSessionRedis
FNDA:0,cacheGet
FNDA:0,cacheSet
FNDA:0,cacheDel
FNDA:0,cacheGetOrSet
FNDA:0,cacheDelPattern
FNDA:0,sessionSet
FNDA:0,sessionGet
FNDA:0,sessionDel
FNDA:0,(anonymous_19)
FNDA:0,(anonymous_20)
FNDA:0,(anonymous_21)
FNDA:0,(anonymous_22)
FNDA:0,(anonymous_23)
FNDA:0,(anonymous_24)
FNDA:0,(anonymous_25)
FNDA:0,(anonymous_26)
FNDA:0,(anonymous_27)
DA:4,7
DA:5,7
DA:9,7
DA:11,7
DA:12,7
DA:15,7
DA:16,0
DA:17,0
DA:18,0
DA:22,0
DA:23,0
DA:24,0
DA:25,0
DA:26,0
DA:33,7
DA:43,0
DA:44,0
DA:48,7
DA:49,7
DA:50,7
DA:51,7
DA:54,0
DA:55,0
DA:56,0
DA:57,0
DA:59,0
DA:64,0
DA:65,0
DA:66,0
DA:67,0
DA:69,0
DA:73,7
DA:74,0
DA:75,0
DA:77,0
DA:78,0
DA:79,0
DA:80,0
DA:82,0
DA:85,7
DA:86,0
DA:87,0
DA:89,0
DA:90,0
DA:91,0
DA:93,0
DA:98,7
DA:100,7
DA:101,0
DA:102,0
DA:103,0
DA:104,0
DA:106,0
DA:107,0
DA:111,7
DA:112,0
DA:113,0
DA:114,0
DA:116,0
DA:120,7
DA:121,0
DA:122,0
DA:123,0
DA:125,0
DA:129,7
DA:134,0
DA:135,0
DA:136,0
DA:137,0
DA:138,0
DA:141,7
DA:142,0
DA:143,0
DA:144,0
DA:145,0
DA:146,0
DA:147,0
DA:148,0
DA:149,0
DA:150,0
DA:151,0
DA:152,0
DA:155,0
DA:157,0
DA:158,0
DA:164,7
DA:165,0
DA:166,0
DA:167,0
DA:169,0
DA:170,0
DA:174,7
DA:175,0
DA:176,0
DA:177,0
DA:178,0
DA:180,0
DA:181,0
DA:185,7
DA:186,0
DA:187,0
DA:188,0
DA:190,0
DA:195,7
DA:196,0
DA:197,0
DA:198,0
DA:199,0
DA:200,0
DA:201,0
DA:202,0
DA:203,0
DA:204,0
LF:113
LH:23
BRDA:16,0,0,0
BRDA:17,1,0,0
BRDA:17,2,0,0
BRDA:17,2,1,0
BRDA:22,3,0,0
BRDA:22,4,0,0
BRDA:22,4,1,0
BRDA:24,5,0,0
BRDA:27,6,0,0
BRDA:27,6,1,0
BRDA:34,7,0,7
BRDA:34,7,1,3
BRDA:35,8,0,7
BRDA:35,8,1,3
BRDA:36,9,0,7
BRDA:36,9,1,7
BRDA:43,10,0,0
BRDA:55,11,0,0
BRDA:65,12,0,0
BRDA:74,13,0,0
BRDA:77,14,0,0
BRDA:86,15,0,0
BRDA:89,16,0,0
BRDA:101,17,0,0
BRDA:104,18,0,0
BRDA:104,18,1,0
BRDA:111,19,0,0
BRDA:112,20,0,0
BRDA:121,21,0,0
BRDA:121,22,0,0
BRDA:121,22,1,0
BRDA:132,23,0,0
BRDA:135,24,0,0
BRDA:142,25,0,0
BRDA:150,26,0,0
BRDA:165,27,0,0
BRDA:170,28,0,0
BRDA:175,29,0,0
BRDA:178,30,0,0
BRDA:178,30,1,0
BRDA:186,31,0,0
BRDA:186,32,0,0
BRDA:186,32,1,0
BRF:43
BRH:6
end_of_record
TN:
SF:src\middleware\auth.ts
FN:18,isPasswordVersionValid
FN:27,withAuth
FN:72,withOptionalAuth
FN:93,withAdmin
FN:98,(anonymous_5)
FN:106,apiResponse
FN:110,apiError
FNF:7
FNH:2
FNDA:0,isPasswordVersionValid
FNDA:0,withAuth
FNDA:0,withOptionalAuth
FNDA:0,withAdmin
FNDA:0,(anonymous_5)
FNDA:10,apiResponse
FNDA:10,apiError
DA:5,2
DA:6,2
DA:7,2
DA:8,2
DA:9,2
DA:18,2
DA:19,0
DA:23,0
DA:24,0
DA:27,2
DA:33,0
DA:34,0
DA:35,0
DA:36,0
DA:39,0
DA:40,0
DA:41,0
DA:44,0
DA:45,0
DA:46,0
DA:49,0
DA:50,0
DA:53,0
DA:57,0
DA:58,0
DA:61,0
DA:62,0
DA:64,0
DA:65,0
DA:67,0
DA:68,0
DA:72,2
DA:77,0
DA:78,0
DA:79,0
DA:80,0
DA:81,0
DA:82,0
DA:83,0
DA:84,0
DA:90,0
DA:93,2
DA:98,0
DA:99,0
DA:100,0
DA:102,0
DA:106,2
DA:107,10
DA:110,2
DA:117,10
LF:50
LH:13
BRDA:23,0,0,0
BRDA:24,1,0,0
BRDA:24,1,1,0
BRDA:35,2,0,0
BRDA:45,3,0,0
BRDA:49,4,0,0
BRDA:57,5,0,0
BRDA:57,6,0,0
BRDA:57,6,1,0
BRDA:64,7,0,0
BRDA:78,8,0,0
BRDA:83,9,0,0
BRDA:83,10,0,0
BRDA:83,10,1,0
BRDA:99,11,0,0
BRDA:106,12,0,7
BRDA:119,13,0,10
BRDA:119,13,1,5
BRF:18
BRH:3
end_of_record
TN:
SF:src\middleware\requestId.ts
FN:8,getRequestId
FN:18,attachRequestId
FN:29,withRequestId
FN:32,(anonymous_3)
FNF:4
FNH:0
FNDA:0,getRequestId
FNDA:0,attachRequestId
FNDA:0,withRequestId
FNDA:0,(anonymous_3)
DA:6,2
DA:8,2
DA:11,0
DA:12,0
DA:13,0
DA:15,0
DA:18,2
DA:22,0
DA:23,0
DA:24,0
DA:25,0
DA:29,2
DA:32,0
DA:33,0
DA:34,0
DA:35,0
LF:16
LH:4
BRDA:12,0,0,0
BRDA:12,1,0,0
BRDA:12,1,1,0
BRF:3
BRH:0
end_of_record
